Using pre-set license
Built from '2020.3/release' branch; Version is '2020.3.2f1 (8fd9074bf66c) revision 9427207'; Using compiler version '192528614'; Build Type 'Release'
OS: 'Windows 10 Pro; OS build 19042.1526; Version 2009; 64bit' Language: 'en' Physical Memory: 8072 MB
BatchMode: 1, IsHumanControllingUs: 0, StartBugReporterOnCrash: 0, Is64bit: 1, IsPro: 0

 COMMAND LINE ARGUMENTS:
C:\Program Files\Unity\Hub\Editor\2020.3.2f1\Editor\Unity.exe
-adb2
-batchMode
-noUpm
-name
AssetImportWorker0
-projectPath
C:/Users/Family/Desktop/GameProjectDev-main/GameProjectDev-main/Game_Rush
-logFile
Logs/AssetImportWorker0.log
-srvPort
63203
Successfully changed project path to: C:/Users/Family/Desktop/GameProjectDev-main/GameProjectDev-main/Game_Rush
C:/Users/Family/Desktop/GameProjectDev-main/GameProjectDev-main/Game_Rush
Using Asset Import Pipeline V2.
Refreshing native plugins compatible for Editor in 41.38 ms, found 2 plugins.
Preloading 0 native plugins for Editor in 0.00 ms.
Initialize engine version: 2020.3.2f1 (8fd9074bf66c)
[Subsystems] Discovering subsystems at path C:/Program Files/Unity/Hub/Editor/2020.3.2f1/Editor/Data/Resources/UnitySubsystems
[Subsystems] Discovering subsystems at path C:/Users/Family/Desktop/GameProjectDev-main/GameProjectDev-main/Game_Rush/Assets
GfxDevice: creating device client; threaded=0
Direct3D:
    Version:  Direct3D 11.0 [level 11.1]
    Renderer: Intel(R) HD Graphics 530 (ID=0x1912)
    Vendor:   
    VRAM:     4036 MB
    Driver:   27.20.100.9416
Initialize mono
Mono path[0] = 'C:/Program Files/Unity/Hub/Editor/2020.3.2f1/Editor/Data/Managed'
Mono path[1] = 'C:/Program Files/Unity/Hub/Editor/2020.3.2f1/Editor/Data/MonoBleedingEdge/lib/mono/unityjit'
Mono config path = 'C:/Program Files/Unity/Hub/Editor/2020.3.2f1/Editor/Data/MonoBleedingEdge/etc'
Using monoOptions --debugger-agent=transport=dt_socket,embedding=1,server=y,suspend=n,address=127.0.0.1:56456
Begin MonoManager ReloadAssembly
Registering precompiled unity dll's ...
Register platform support module: C:/Program Files/Unity/Hub/Editor/2020.3.2f1/Editor/Data/PlaybackEngines/WebGLSupport/UnityEditor.WebGL.Extensions.dll
Register platform support module: C:/Program Files/Unity/Hub/Editor/2020.3.2f1/Editor/Data/PlaybackEngines/WindowsStandaloneSupport/UnityEditor.WindowsStandalone.Extensions.dll
Registered in 0.003743 seconds.
Native extension for WindowsStandalone target not found
Native extension for WebGL target not found
Refreshing native plugins compatible for Editor in 37.24 ms, found 2 plugins.
Preloading 0 native plugins for Editor in 0.00 ms.
Invoked RoslynAnalysisRunner static constructor.
RoslynAnalysisRunner will not be running.
RoslynAnalysisRunner has terminated.
Mono: successfully reloaded assembly
- Completed reload, in 13.353 seconds
Platform modules already initialized, skipping
Registering precompiled user dll's ...
Registered in 0.008359 seconds.
Begin MonoManager ReloadAssembly
Native extension for WindowsStandalone target not found
Native extension for WebGL target not found
Refreshing native plugins compatible for Editor in 0.48 ms, found 2 plugins.
Preloading 0 native plugins for Editor in 0.00 ms.
Invoked RoslynAnalysisRunner static constructor.
RoslynAnalysisRunner will not be running.
RoslynAnalysisRunner has terminated.
Mono: successfully reloaded assembly
- Completed reload, in  1.345 seconds
Platform modules already initialized, skipping
========================================================================
Worker process is ready to serve import requests
Launched and connected shader compiler UnityShaderCompiler.exe after 0.52 seconds
Refreshing native plugins compatible for Editor in 0.34 ms, found 2 plugins.
Preloading 0 native plugins for Editor in 0.00 ms.
Unloading 1511 Unused Serialized files (Serialized files now loaded: 0)
System memory in use before: 69.1 MB.
System memory in use after: 69.2 MB.

Unloading 19 unused Assets to reduce memory usage. Loaded Objects now: 1944.
Total: 20.541100 ms (FindLiveObjects: 0.141700 ms CreateObjectMapping: 0.039800 ms MarkObjects: 20.172900 ms  DeleteObjects: 0.184500 ms)

========================================================================
Received Import Request.
  path: Assets/New Folder
  artifactKey: Guid(8406e25e224c4f1479a4d99e7a180556) Importer(815301076,1909f56bfc062723c751e8b465ee728b)
Start importing Assets/New Folder using Guid(8406e25e224c4f1479a4d99e7a180556) Importer(815301076,1909f56bfc062723c751e8b465ee728b)  -> (artifact id: '094a4fb280a0b8e68509b4901dc24c0a') in 0.006529 seconds
  Import took 0.009600 seconds .

========================================================================
Received Import Request.
  Time since last request: 1.186893 seconds.
  path: Assets
  artifactKey: Guid(00000000000000001000000000000000) Importer(815301076,1909f56bfc062723c751e8b465ee728b)
Start importing Assets using Guid(00000000000000001000000000000000) Importer(815301076,1909f56bfc062723c751e8b465ee728b)  -> (artifact id: '819a33a9bd799f71faca6db75e8a216c') in 0.006111 seconds
  Import took 0.009400 seconds .

========================================================================
Received Import Request.
  Time since last request: 40.435693 seconds.
  path: Assets/Scripts
  artifactKey: Guid(02a3527b6b33a924e8ec66aa805ea717) Importer(815301076,1909f56bfc062723c751e8b465ee728b)
Start importing Assets/Scripts using Guid(02a3527b6b33a924e8ec66aa805ea717) Importer(815301076,1909f56bfc062723c751e8b465ee728b)  -> (artifact id: '122d432f97ef7bde4b25f78a12b1b863') in 0.006272 seconds
  Import took 0.009922 seconds .

========================================================================
Received Import Request.
  Time since last request: 6.006154 seconds.
  path: Assets/Scenes
  artifactKey: Guid(50075532be697334d9b9235ae48ac337) Importer(815301076,1909f56bfc062723c751e8b465ee728b)
Start importing Assets/Scenes using Guid(50075532be697334d9b9235ae48ac337) Importer(815301076,1909f56bfc062723c751e8b465ee728b)  -> (artifact id: 'f7787a431b055f3c685443bfcf249f84') in 0.007014 seconds
  Import took 0.010494 seconds .

========================================================================
Received Import Request.
  Time since last request: 6.041210 seconds.
  path: Assets/Scenes/ControlScheme.unity
  artifactKey: Guid(e15f6f5015cee29458eeb82cf30bfeeb) Importer(815301076,1909f56bfc062723c751e8b465ee728b)
Start importing Assets/Scenes/ControlScheme.unity using Guid(e15f6f5015cee29458eeb82cf30bfeeb) Importer(815301076,1909f56bfc062723c751e8b465ee728b)  -> (artifact id: '0b8bed995dc089e4eca8a5add6dcd69c') in 0.010095 seconds
  Import took 0.013328 seconds .

========================================================================
Received Import Request.
  Time since last request: 47.289729 seconds.
  path: Assets/Scripts/MenuScripts
  artifactKey: Guid(d71b617ea3c95da41a245f5b39c15e0f) Importer(815301076,1909f56bfc062723c751e8b465ee728b)
Start importing Assets/Scripts/MenuScripts using Guid(d71b617ea3c95da41a245f5b39c15e0f) Importer(815301076,1909f56bfc062723c751e8b465ee728b)  -> (artifact id: 'fa2408ff3df28ec481a9410bfa9ef1db') in 0.007386 seconds
  Import took 0.011144 seconds .

========================================================================
Received Prepare
Registering precompiled user dll's ...
Registered in 0.007173 seconds.
Begin MonoManager ReloadAssembly
Native extension for WindowsStandalone target not found
Native extension for WebGL target not found
Refreshing native plugins compatible for Editor in 0.39 ms, found 2 plugins.
Preloading 0 native plugins for Editor in 0.00 ms.
Invoked RoslynAnalysisRunner static constructor.
RoslynAnalysisRunner will not be running.
RoslynAnalysisRunner has terminated.
Mono: successfully reloaded assembly
- Completed reload, in  1.559 seconds
Platform modules already initialized, skipping
Refreshing native plugins compatible for Editor in 0.42 ms, found 2 plugins.
Preloading 0 native plugins for Editor in 0.00 ms.
Unloading 1501 Unused Serialized files (Serialized files now loaded: 0)
System memory in use before: 68.9 MB.
System memory in use after: 69.0 MB.

Unloading 18 unused Assets to reduce memory usage. Loaded Objects now: 1942.
Total: 2.624200 ms (FindLiveObjects: 0.172600 ms CreateObjectMapping: 0.041000 ms MarkObjects: 2.367600 ms  DeleteObjects: 0.041600 ms)

========================================================================
Received Prepare
Registering precompiled user dll's ...
Registered in 0.007388 seconds.
Begin MonoManager ReloadAssembly
Native extension for WindowsStandalone target not found
Native extension for WebGL target not found
Refreshing native plugins compatible for Editor in 0.84 ms, found 2 plugins.
Preloading 0 native plugins for Editor in 0.00 ms.
Invoked RoslynAnalysisRunner static constructor.
RoslynAnalysisRunner will not be running.
RoslynAnalysisRunner has terminated.
Mono: successfully reloaded assembly
- Completed reload, in  1.153 seconds
Platform modules already initialized, skipping
Refreshing native plugins compatible for Editor in 0.43 ms, found 2 plugins.
Preloading 0 native plugins for Editor in 0.00 ms.
Unloading 1507 Unused Serialized files (Serialized files now loaded: 0)
System memory in use before: 69.1 MB.
System memory in use after: 69.2 MB.

Unloading 14 unused Assets to reduce memory usage. Loaded Objects now: 1950.
Total: 2.732300 ms (FindLiveObjects: 0.137300 ms CreateObjectMapping: 0.039800 ms MarkObjects: 2.515900 ms  DeleteObjects: 0.038100 ms)

========================================================================
Received Import Request.
  Time since last request: 45.044770 seconds.
  path: Assets/Images
  artifactKey: Guid(cf2ce1947ca5a624ab9a0c301d1f9667) Importer(815301076,1909f56bfc062723c751e8b465ee728b)
Start importing Assets/Images using Guid(cf2ce1947ca5a624ab9a0c301d1f9667) Importer(815301076,1909f56bfc062723c751e8b465ee728b)  -> (artifact id: '000d5264e738d420e6a1a880fbbd5a6b') in 0.007665 seconds
  Import took 0.010553 seconds .

========================================================================
Received Import Request.
  Time since last request: 0.000378 seconds.
  path: Assets/Images/Menu_concept.png
  artifactKey: Guid(ca8aec291af9cb844b769b94464b378f) Importer(815301076,1909f56bfc062723c751e8b465ee728b)
Start importing Assets/Images/Menu_concept.png using Guid(ca8aec291af9cb844b769b94464b378f) Importer(815301076,1909f56bfc062723c751e8b465ee728b)  -> (artifact id: 'bed805c46b1d2ca405d0c7ce5766f5d0') in 1.309553 seconds
  Import took 1.312110 seconds .

========================================================================
Received Import Request.
  Time since last request: 0.000424 seconds.
  path: Assets/Images/City_enviroment.PNG
  artifactKey: Guid(f298ff27f63d19944bd52479c048d471) Importer(815301076,1909f56bfc062723c751e8b465ee728b)
Start importing Assets/Images/City_enviroment.PNG using Guid(f298ff27f63d19944bd52479c048d471) Importer(815301076,1909f56bfc062723c751e8b465ee728b)  -> (artifact id: 'a41c310842c47b0a53aec20b836f2af0') in 0.022613 seconds
  Import took 0.026299 seconds .

========================================================================
Received Import Request.
  Time since last request: 0.004101 seconds.
  path: Assets/Images/City_enviroment.PNG
  artifactKey: Guid(f298ff27f63d19944bd52479c048d471) Importer(815301076,1909f56bfc062723c751e8b465ee728b)
Start importing Assets/Images/City_enviroment.PNG using Guid(f298ff27f63d19944bd52479c048d471) Importer(815301076,1909f56bfc062723c751e8b465ee728b)  -> (artifact id: 'a41c310842c47b0a53aec20b836f2af0') in 0.015230 seconds
  Import took 0.020604 seconds .

========================================================================
Received Import Request.
  Time since last request: 3.280591 seconds.
  path: Assets/Images/Icons
  artifactKey: Guid(aaca7bdd34d7c8945bcecb7f3349c4ab) Importer(815301076,1909f56bfc062723c751e8b465ee728b)
Start importing Assets/Images/Icons using Guid(aaca7bdd34d7c8945bcecb7f3349c4ab) Importer(815301076,1909f56bfc062723c751e8b465ee728b)  -> (artifact id: 'faa7dcaaace0e7e255a28c455da298af') in 0.006480 seconds
  Import took 0.010182 seconds .

========================================================================
Received Import Request.
  Time since last request: 0.180178 seconds.
  path: Assets/Images/Icons/Angela-Icon.jpg
  artifactKey: Guid(383f8ea3d5852cb43a539d67c923ccc1) Importer(815301076,1909f56bfc062723c751e8b465ee728b)
Start importing Assets/Images/Icons/Angela-Icon.jpg using Guid(383f8ea3d5852cb43a539d67c923ccc1) Importer(815301076,1909f56bfc062723c751e8b465ee728b)  -> (artifact id: 'd25312a220d1e3853fbfc66fc13c01f0') in 0.013809 seconds
  Import took 0.017489 seconds .

========================================================================
Received Import Request.
  Time since last request: 0.000371 seconds.
  path: Assets/Images/Icons/Patrick-Icon.jpg
  artifactKey: Guid(528ca54500cd3ad40802bce87f51e04c) Importer(815301076,1909f56bfc062723c751e8b465ee728b)
Start importing Assets/Images/Icons/Patrick-Icon.jpg using Guid(528ca54500cd3ad40802bce87f51e04c) Importer(815301076,1909f56bfc062723c751e8b465ee728b)  -> (artifact id: '635420732d4836dfc003d3cb98d3b897') in 0.013347 seconds
  Import took 0.016217 seconds .

========================================================================
Received Import Request.
  Time since last request: 0.000485 seconds.
  path: Assets/Images/Icons/Gage-Icon.png
  artifactKey: Guid(682624581a2179c479898f44d55c6839) Importer(815301076,1909f56bfc062723c751e8b465ee728b)
Start importing Assets/Images/Icons/Gage-Icon.png using Guid(682624581a2179c479898f44d55c6839) Importer(815301076,1909f56bfc062723c751e8b465ee728b)  -> (artifact id: 'e506486ee0726d8de5e521333b9e5584') in 0.013305 seconds
  Import took 0.016966 seconds .

========================================================================
Received Import Request.
  Time since last request: 0.000413 seconds.
  path: Assets/Images/Icons/Mike-Icon.png
  artifactKey: Guid(366914b9e99f9cd45b5a554d4c19b1fe) Importer(815301076,1909f56bfc062723c751e8b465ee728b)
Start importing Assets/Images/Icons/Mike-Icon.png using Guid(366914b9e99f9cd45b5a554d4c19b1fe) Importer(815301076,1909f56bfc062723c751e8b465ee728b)  -> (artifact id: 'd0e60fbc349d0583bfe607b5d3a60607') in 0.015264 seconds
  Import took 0.019957 seconds .

========================================================================
Received Import Request.
  Time since last request: 2.730814 seconds.
  path: Assets/Images/SplashScreen
  artifactKey: Guid(8837735aa6a2e004eb0bfadf3235b311) Importer(815301076,1909f56bfc062723c751e8b465ee728b)
Start importing Assets/Images/SplashScreen using Guid(8837735aa6a2e004eb0bfadf3235b311) Importer(815301076,1909f56bfc062723c751e8b465ee728b)  -> (artifact id: '23c598dfbc56abd13714b54cd75c5dd3') in 0.006307 seconds
  Import took 0.009967 seconds .

========================================================================
Received Import Request.
  Time since last request: 0.091904 seconds.
  path: Assets/Images/SplashScreen/SDT_Team_3_logo.png
  artifactKey: Guid(13cb3e084dbdaa340947e82cdea0c483) Importer(815301076,1909f56bfc062723c751e8b465ee728b)
Start importing Assets/Images/SplashScreen/SDT_Team_3_logo.png using Guid(13cb3e084dbdaa340947e82cdea0c483) Importer(815301076,1909f56bfc062723c751e8b465ee728b)  -> (artifact id: 'fcf20de48491a1378c8c84525375d9cc') in 0.010790 seconds
  Import took 0.014048 seconds .

========================================================================
Received Import Request.
  Time since last request: 4.538264 seconds.
  path: Assets/Scenes/Menus Scene
  artifactKey: Guid(fa80bb69a0ec5f54bb04a9948e3ab3cb) Importer(815301076,1909f56bfc062723c751e8b465ee728b)
Start importing Assets/Scenes/Menus Scene using Guid(fa80bb69a0ec5f54bb04a9948e3ab3cb) Importer(815301076,1909f56bfc062723c751e8b465ee728b)  -> (artifact id: '253b8f0c30e846dfdc2439bf4cb094b3') in 0.006815 seconds
  Import took 0.010389 seconds .

========================================================================
Received Import Request.
  Time since last request: 2.423093 seconds.
  path: Assets/Scenes/Menus Scene/Main Menu.unity
  artifactKey: Guid(f6aeab6f42766244688559c7b2517f40) Importer(815301076,1909f56bfc062723c751e8b465ee728b)
Start importing Assets/Scenes/Menus Scene/Main Menu.unity using Guid(f6aeab6f42766244688559c7b2517f40) Importer(815301076,1909f56bfc062723c751e8b465ee728b)  -> (artifact id: '6f0c21f0a7bc89431dc5bdc929fa7a24') in 0.006537 seconds
  Import took 0.010242 seconds .

========================================================================
Received Import Request.
  Time since last request: 562.850025 seconds.
  path: Assets/Scenes/Menus Scene/GameOver.unity
  artifactKey: Guid(fb55be026491c4746bfa61cd802c66ff) Importer(815301076,1909f56bfc062723c751e8b465ee728b)
Start importing Assets/Scenes/Menus Scene/GameOver.unity using Guid(fb55be026491c4746bfa61cd802c66ff) Importer(815301076,1909f56bfc062723c751e8b465ee728b)  -> (artifact id: 'ab93365ea0819c49900d2eadb7367a3c') in 0.028816 seconds
  Import took 0.033112 seconds .

========================================================================
Received Import Request.
  Time since last request: 64.951001 seconds.
  path: Assets/Scripts/GameScripts
  artifactKey: Guid(29fd0f578a07d21468d61f8598b705e3) Importer(815301076,1909f56bfc062723c751e8b465ee728b)
Start importing Assets/Scripts/GameScripts using Guid(29fd0f578a07d21468d61f8598b705e3) Importer(815301076,1909f56bfc062723c751e8b465ee728b)  -> (artifact id: '39130db8e07fbc52b52103f4f1cf9216') in 0.006129 seconds
  Import took 0.009640 seconds .

========================================================================
Received Import Request.
  Time since last request: 20.997608 seconds.
  path: Assets/Models/220129_modelInfantry_001.fbx
  artifactKey: Guid(9d7b1dc1ce9891043b2368050c38ea31) Importer(815301076,1909f56bfc062723c751e8b465ee728b)
Start importing Assets/Models/220129_modelInfantry_001.fbx using Guid(9d7b1dc1ce9891043b2368050c38ea31) Importer(815301076,1909f56bfc062723c751e8b465ee728b)  -> (artifact id: '3bab2277515ede44a1c3bd3e4ef933bc') in 8.740971 seconds
  Import took 8.744566 seconds .

========================================================================
Received Import Request.
  Time since last request: 0.000416 seconds.
  path: Assets/Presets/AudioStreaming.preset
  artifactKey: Guid(86bcce7f5575b54408aa0f3a7d321039) Importer(815301076,1909f56bfc062723c751e8b465ee728b)
Start importing Assets/Presets/AudioStreaming.preset using Guid(86bcce7f5575b54408aa0f3a7d321039) Importer(815301076,1909f56bfc062723c751e8b465ee728b)  -> (artifact id: 'f84e547f99d9bf22a117d64c01fa98f7') in 0.055188 seconds
  Import took 0.057809 seconds .

========================================================================
Received Import Request.
  Time since last request: 0.000580 seconds.
  path: Assets/Prefabs/InfantryEnemy.prefab
  artifactKey: Guid(353b2910c9895314bb7653d421dd2d12) Importer(815301076,1909f56bfc062723c751e8b465ee728b)
Start importing Assets/Prefabs/InfantryEnemy.prefab using Guid(353b2910c9895314bb7653d421dd2d12) Importer(815301076,1909f56bfc062723c751e8b465ee728b)  -> (artifact id: '5fb374d8dbaf82dfb05a09e4361fa289') in 0.031046 seconds
  Import took 0.047314 seconds .

========================================================================
Received Import Request.
  Time since last request: 0.000485 seconds.
  path: Assets/Textures/Props/Construction_Light/ConstructionLight_Albedo.tif
  artifactKey: Guid(2ec6e1532acb1254f9f3797b5d82db44) Importer(815301076,1909f56bfc062723c751e8b465ee728b)
Start importing Assets/Textures/Props/Construction_Light/ConstructionLight_Albedo.tif using Guid(2ec6e1532acb1254f9f3797b5d82db44) Importer(815301076,1909f56bfc062723c751e8b465ee728b)  -> (artifact id: '1777c352c8be1ca996067c5aeb5e9a62') in 0.059183 seconds
  Import took 0.062327 seconds .

========================================================================
Received Import Request.
  Time since last request: 0.000411 seconds.
  path: Assets/Prefabs/220129_modelInfantry_002.prefab
  artifactKey: Guid(cde96ff0bf8734a4f8ee80e9952263bb) Importer(815301076,1909f56bfc062723c751e8b465ee728b)
Start importing Assets/Prefabs/220129_modelInfantry_002.prefab using Guid(cde96ff0bf8734a4f8ee80e9952263bb) Importer(815301076,1909f56bfc062723c751e8b465ee728b)  -> (artifact id: '20bc695d8147aaa021e5e67f20712b71') in 0.024604 seconds
  Import took 0.027444 seconds .

========================================================================
Received Import Request.
  Time since last request: 0.000404 seconds.
  path: Assets/Textures/Props/Construction_Light/ConstructionLight_MetallicOcculusionSmoothness.tif
  artifactKey: Guid(9a81f1a59f171804e84fce76584bdcb7) Importer(815301076,1909f56bfc062723c751e8b465ee728b)
Start importing Assets/Textures/Props/Construction_Light/ConstructionLight_MetallicOcculusionSmoothness.tif using Guid(9a81f1a59f171804e84fce76584bdcb7) Importer(815301076,1909f56bfc062723c751e8b465ee728b)  -> (artifact id: 'cfca83813db82ad7bc84892a8b11310a') in 0.054859 seconds
  Import took 0.057762 seconds .

========================================================================
Received Import Request.
  Time since last request: 0.000517 seconds.
  path: Assets/Prefabs/220129_modelInfantry_001.prefab
  artifactKey: Guid(d3a30ae2fc38f68459862e1098839251) Importer(815301076,1909f56bfc062723c751e8b465ee728b)
Start importing Assets/Prefabs/220129_modelInfantry_001.prefab using Guid(d3a30ae2fc38f68459862e1098839251) Importer(815301076,1909f56bfc062723c751e8b465ee728b)  -> (artifact id: '9ae9a0f343fa6079434cf42446f2f598') in 0.026470 seconds
  Import took 0.029432 seconds .

========================================================================
Received Import Request.
  Time since last request: 0.000332 seconds.
  path: Assets/Models/220130_modelSoldier_001.fbx
  artifactKey: Guid(3f05badd0dd57c7409ed07924bb50e56) Importer(815301076,1909f56bfc062723c751e8b465ee728b)
Start importing Assets/Models/220130_modelSoldier_001.fbx using Guid(3f05badd0dd57c7409ed07924bb50e56) Importer(815301076,1909f56bfc062723c751e8b465ee728b)  -> (artifact id: 'b483e803ecf5049790e4746274d3e563') in 0.079096 seconds
  Import took 0.082087 seconds .

========================================================================
Received Import Request.
  Time since last request: 26.717056 seconds.
  path: Assets/Scripts/MenuScripts/StartGame.cs
  artifactKey: Guid(4b57e25d9f672534083c6bc90c74d438) Importer(815301076,1909f56bfc062723c751e8b465ee728b)
Start importing Assets/Scripts/MenuScripts/StartGame.cs using Guid(4b57e25d9f672534083c6bc90c74d438) Importer(815301076,1909f56bfc062723c751e8b465ee728b)  -> (artifact id: '98d9e353230e53f81a41bb5f07b6caf9') in 0.080268 seconds
  Import took 0.083508 seconds .

========================================================================
Received Prepare
Registering precompiled user dll's ...
Registered in 1.528679 seconds.
Begin MonoManager ReloadAssembly
Native extension for WindowsStandalone target not found
Native extension for WebGL target not found
Refreshing native plugins compatible for Editor in 0.47 ms, found 2 plugins.
Preloading 0 native plugins for Editor in 0.00 ms.
Invoked RoslynAnalysisRunner static constructor.
RoslynAnalysisRunner will not be running.
RoslynAnalysisRunner has terminated.
Mono: successfully reloaded assembly
- Completed reload, in  3.064 seconds
Platform modules already initialized, skipping
Refreshing native plugins compatible for Editor in 0.40 ms, found 2 plugins.
Preloading 0 native plugins for Editor in 0.00 ms.
Unloading 1507 Unused Serialized files (Serialized files now loaded: 0)
System memory in use before: 72.6 MB.
System memory in use after: 72.7 MB.

Unloading 14 unused Assets to reduce memory usage. Loaded Objects now: 1997.
Total: 2.582200 ms (FindLiveObjects: 0.165900 ms CreateObjectMapping: 0.041100 ms MarkObjects: 2.332400 ms  DeleteObjects: 0.042000 ms)

========================================================================
Received Prepare
Registering precompiled user dll's ...
Registered in 0.006506 seconds.
Begin MonoManager ReloadAssembly
Native extension for WindowsStandalone target not found
Native extension for WebGL target not found
Refreshing native plugins compatible for Editor in 0.36 ms, found 2 plugins.
Preloading 0 native plugins for Editor in 0.00 ms.
Invoked RoslynAnalysisRunner static constructor.
RoslynAnalysisRunner will not be running.
RoslynAnalysisRunner has terminated.
Mono: successfully reloaded assembly
- Completed reload, in  1.235 seconds
Platform modules already initialized, skipping
Refreshing native plugins compatible for Editor in 0.41 ms, found 2 plugins.
Preloading 0 native plugins for Editor in 0.00 ms.
Unloading 1507 Unused Serialized files (Serialized files now loaded: 0)
System memory in use before: 72.6 MB.
System memory in use after: 72.8 MB.

Unloading 14 unused Assets to reduce memory usage. Loaded Objects now: 1999.
Total: 3.019500 ms (FindLiveObjects: 0.271800 ms CreateObjectMapping: 0.064500 ms MarkObjects: 2.643300 ms  DeleteObjects: 0.023000 ms)

========================================================================
Received Import Request.
  Time since last request: 595.723665 seconds.
  path: Assets/Scripts/MenuScripts/StartGame.cs
  artifactKey: Guid(4b57e25d9f672534083c6bc90c74d438) Importer(815301076,1909f56bfc062723c751e8b465ee728b)
Start importing Assets/Scripts/MenuScripts/StartGame.cs using Guid(4b57e25d9f672534083c6bc90c74d438) Importer(815301076,1909f56bfc062723c751e8b465ee728b)  -> (artifact id: 'd02714247244bb48871dcc9e0b8a676b') in 0.033997 seconds
  Import took 0.045171 seconds .

========================================================================
Received Import Request.
  Time since last request: 6.730404 seconds.
  path: Assets/Scripts/MenuScripts/BackToMenu.cs
  artifactKey: Guid(127edd34678bdce48a4140f3763d6d47) Importer(815301076,1909f56bfc062723c751e8b465ee728b)
Start importing Assets/Scripts/MenuScripts/BackToMenu.cs using Guid(127edd34678bdce48a4140f3763d6d47) Importer(815301076,1909f56bfc062723c751e8b465ee728b)  -> (artifact id: 'be1f077b7cf35be6d5514f22228356e1') in 0.010599 seconds
  Import took 0.014222 seconds .

========================================================================
Received Import Request.
  Time since last request: 3.434602 seconds.
  path: Assets/Scripts/MenuScripts/CloseGame.cs
  artifactKey: Guid(f2bcff05e53400c41b8df9a71a8a610d) Importer(815301076,1909f56bfc062723c751e8b465ee728b)
Start importing Assets/Scripts/MenuScripts/CloseGame.cs using Guid(f2bcff05e53400c41b8df9a71a8a610d) Importer(815301076,1909f56bfc062723c751e8b465ee728b)  -> (artifact id: '6c9c4510ed653963a98e7fe0dfe5e476') in 0.010096 seconds
  Import took 0.014062 seconds .

========================================================================
Received Import Request.
  Time since last request: 2.664929 seconds.
  path: Assets/Scripts/MenuScripts/ControlScheme.cs
  artifactKey: Guid(1889fa237aadfaf4b828f051cf51968b) Importer(815301076,1909f56bfc062723c751e8b465ee728b)
Start importing Assets/Scripts/MenuScripts/ControlScheme.cs using Guid(1889fa237aadfaf4b828f051cf51968b) Importer(815301076,1909f56bfc062723c751e8b465ee728b)  -> (artifact id: 'c1d4acc6e2b077071e8b11c8c581e219') in 0.011393 seconds
  Import took 0.031972 seconds .

========================================================================
Received Import Request.
  Time since last request: 3.185328 seconds.
  path: Assets/Scripts/MenuScripts/Extra.cs
  artifactKey: Guid(b365c6bac7992964c834f1d2c5bfc0ba) Importer(815301076,1909f56bfc062723c751e8b465ee728b)
Start importing Assets/Scripts/MenuScripts/Extra.cs using Guid(b365c6bac7992964c834f1d2c5bfc0ba) Importer(815301076,1909f56bfc062723c751e8b465ee728b)  -> (artifact id: 'acd6259a125e499fa7fb8b3eaa4c85ea') in 0.010230 seconds
  Import took 0.035423 seconds .

========================================================================
Received Import Request.
  Time since last request: 3.388068 seconds.
  path: Assets/Scripts/MenuScripts/SplashScreen.cs
  artifactKey: Guid(3dd5e63c26028cb4dab2e306d45af7c2) Importer(815301076,1909f56bfc062723c751e8b465ee728b)
Start importing Assets/Scripts/MenuScripts/SplashScreen.cs using Guid(3dd5e63c26028cb4dab2e306d45af7c2) Importer(815301076,1909f56bfc062723c751e8b465ee728b)  -> (artifact id: 'f2c671c31fd9e9b7e40ca1e6005b7a07') in 0.034712 seconds
  Import took 0.070319 seconds .

========================================================================
Received Import Request.
  Time since last request: 243.194609 seconds.
  path: Assets/Scenes/Menus Scene/ControlScheme.unity
  artifactKey: Guid(b750dcc4f942c514c9c32a795d110dcd) Importer(815301076,1909f56bfc062723c751e8b465ee728b)
Start importing Assets/Scenes/Menus Scene/ControlScheme.unity using Guid(b750dcc4f942c514c9c32a795d110dcd) Importer(815301076,1909f56bfc062723c751e8b465ee728b)  -> (artifact id: 'e4e327d3f395b9b2ed7fcc01787681ef') in 0.019496 seconds
  Import took 0.023064 seconds .

========================================================================
Received Prepare
Registering precompiled user dll's ...
Registered in 0.007207 seconds.
Begin MonoManager ReloadAssembly
Symbol file data-00000181C412F050 doesn't match image C:\Users\Family\Desktop\GameProjectDev-main\GameProjectDev-main\Game_Rush\Library\ScriptAssemblies\Assembly-CSharp.dll
Symbol file LoadedFromMemory is not a mono symbol file
Native extension for WindowsStandalone target not found
Native extension for WebGL target not found
Refreshing native plugins compatible for Editor in 1.09 ms, found 2 plugins.
Preloading 0 native plugins for Editor in 0.00 ms.
Invoked RoslynAnalysisRunner static constructor.
RoslynAnalysisRunner will not be running.
RoslynAnalysisRunner has terminated.
Mono: successfully reloaded assembly
- Completed reload, in  3.213 seconds
Platform modules already initialized, skipping
Refreshing native plugins compatible for Editor in 0.51 ms, found 2 plugins.
Preloading 0 native plugins for Editor in 0.00 ms.
Unloading 1508 Unused Serialized files (Serialized files now loaded: 0)
System memory in use before: 72.7 MB.
System memory in use after: 72.8 MB.

Unloading 14 unused Assets to reduce memory usage. Loaded Objects now: 2002.
Total: 2.410200 ms (FindLiveObjects: 0.173400 ms CreateObjectMapping: 0.055800 ms MarkObjects: 2.133800 ms  DeleteObjects: 0.045800 ms)

========================================================================
Received Import Request.
  Time since last request: 74.648119 seconds.
  path: Assets/Scripts/MenuScripts/MiniGameControls.cs
  artifactKey: Guid(40286de32e54db24bae0674d73bd0ba8) Importer(815301076,1909f56bfc062723c751e8b465ee728b)
Start importing Assets/Scripts/MenuScripts/MiniGameControls.cs using Guid(40286de32e54db24bae0674d73bd0ba8) Importer(815301076,1909f56bfc062723c751e8b465ee728b)  -> (artifact id: 'ebc219884624aa6f126ee9fb2ba74ab7') in 0.011197 seconds
  Import took 0.043163 seconds .

========================================================================
Received Prepare
Registering precompiled user dll's ...
Registered in 0.007248 seconds.
Begin MonoManager ReloadAssembly
Native extension for WindowsStandalone target not found
Native extension for WebGL target not found
Refreshing native plugins compatible for Editor in 0.74 ms, found 2 plugins.
Preloading 0 native plugins for Editor in 0.00 ms.
Invoked RoslynAnalysisRunner static constructor.
RoslynAnalysisRunner will not be running.
RoslynAnalysisRunner has terminated.
Mono: successfully reloaded assembly
- Completed reload, in  1.248 seconds
Platform modules already initialized, skipping
Refreshing native plugins compatible for Editor in 0.40 ms, found 2 plugins.
Preloading 0 native plugins for Editor in 0.00 ms.
Unloading 1508 Unused Serialized files (Serialized files now loaded: 0)
System memory in use before: 72.7 MB.
System memory in use after: 72.8 MB.

Unloading 14 unused Assets to reduce memory usage. Loaded Objects now: 2004.
Total: 3.060500 ms (FindLiveObjects: 0.228300 ms CreateObjectMapping: 0.068900 ms MarkObjects: 2.701300 ms  DeleteObjects: 0.053100 ms)

========================================================================
Received Prepare
Registering precompiled user dll's ...
Registered in 0.007553 seconds.
Begin MonoManager ReloadAssembly
Native extension for WindowsStandalone target not found
Native extension for WebGL target not found
Refreshing native plugins compatible for Editor in 0.41 ms, found 2 plugins.
Preloading 0 native plugins for Editor in 0.00 ms.
Invoked RoslynAnalysisRunner static constructor.
RoslynAnalysisRunner will not be running.
RoslynAnalysisRunner has terminated.
Mono: successfully reloaded assembly
- Completed reload, in  1.710 seconds
Platform modules already initialized, skipping
Refreshing native plugins compatible for Editor in 0.51 ms, found 2 plugins.
Preloading 0 native plugins for Editor in 0.00 ms.
Unloading 1508 Unused Serialized files (Serialized files now loaded: 0)
System memory in use before: 72.7 MB.
System memory in use after: 72.8 MB.

Unloading 14 unused Assets to reduce memory usage. Loaded Objects now: 2006.
Total: 2.802400 ms (FindLiveObjects: 0.183300 ms CreateObjectMapping: 0.046000 ms MarkObjects: 2.538100 ms  DeleteObjects: 0.033900 ms)

========================================================================
Received Import Request.
  Time since last request: 122.803267 seconds.
  path: Assets/Scripts/MenuScripts/MiniGameControls.cs
  artifactKey: Guid(40286de32e54db24bae0674d73bd0ba8) Importer(815301076,1909f56bfc062723c751e8b465ee728b)
Start importing Assets/Scripts/MenuScripts/MiniGameControls.cs using Guid(40286de32e54db24bae0674d73bd0ba8) Importer(815301076,1909f56bfc062723c751e8b465ee728b)  -> (artifact id: 'd747178e7b994b86f03b3fa7fe5fc3e6') in 0.007154 seconds
  Import took 0.035592 seconds .

========================================================================
Received Import Request.
  Time since last request: 56.315323 seconds.
  path: Assets/Scenes/Menus Scene/Mini-Game Controls.unity
  artifactKey: Guid(e15f6f5015cee29458eeb82cf30bfeeb) Importer(815301076,1909f56bfc062723c751e8b465ee728b)
Start importing Assets/Scenes/Menus Scene/Mini-Game Controls.unity using Guid(e15f6f5015cee29458eeb82cf30bfeeb) Importer(815301076,1909f56bfc062723c751e8b465ee728b)  -> (artifact id: '31f92a09ebb468557a066f5ffa98fc74') in 0.017362 seconds
  Import took 0.042159 seconds .

========================================================================
Received Import Request.
  Time since last request: 101.295054 seconds.
  path: Assets/Scenes/Menus Scene/Mini-Game Controls.unity
  artifactKey: Guid(e15f6f5015cee29458eeb82cf30bfeeb) Importer(815301076,1909f56bfc062723c751e8b465ee728b)
Start importing Assets/Scenes/Menus Scene/Mini-Game Controls.unity using Guid(e15f6f5015cee29458eeb82cf30bfeeb) Importer(815301076,1909f56bfc062723c751e8b465ee728b)  -> (artifact id: 'bf49689a47c372c94328348fc986335f') in 0.009711 seconds
  Import took 0.044213 seconds .

========================================================================
Received Import Request.
  Time since last request: 6.246793 seconds.
  path: Assets/Scenes/Menus Scene/Mini-Game Controls 1.unity
  artifactKey: Guid(c12cf5688a896e74c9d048401101c992) Importer(815301076,1909f56bfc062723c751e8b465ee728b)
Start importing Assets/Scenes/Menus Scene/Mini-Game Controls 1.unity using Guid(c12cf5688a896e74c9d048401101c992) Importer(815301076,1909f56bfc062723c751e8b465ee728b)  -> (artifact id: '6854bb381442b3656ff2b8206a538573') in 0.010001 seconds
  Import took 0.014472 seconds .

========================================================================
Received Import Request.
  Time since last request: 0.004899 seconds.
  path: Assets/Scenes/Menus Scene/Mini-Game Controls 1.unity
  artifactKey: Guid(c12cf5688a896e74c9d048401101c992) Importer(815301076,1909f56bfc062723c751e8b465ee728b)
Start importing Assets/Scenes/Menus Scene/Mini-Game Controls 1.unity using Guid(c12cf5688a896e74c9d048401101c992) Importer(815301076,1909f56bfc062723c751e8b465ee728b)  -> (artifact id: '6854bb381442b3656ff2b8206a538573') in 0.009127 seconds
  Import took 0.013204 seconds .

========================================================================
Received Import Request.
  Time since last request: 39.444079 seconds.
  path: Assets/Scenes/Menus Scene/EnemyInfo.unity
  artifactKey: Guid(e15f6f5015cee29458eeb82cf30bfeeb) Importer(815301076,1909f56bfc062723c751e8b465ee728b)
Start importing Assets/Scenes/Menus Scene/EnemyInfo.unity using Guid(e15f6f5015cee29458eeb82cf30bfeeb) Importer(815301076,1909f56bfc062723c751e8b465ee728b)  -> (artifact id: 'b749ef2a70ec59c5f3cfee4b07180fda') in 0.016771 seconds
  Import took 0.044509 seconds .

========================================================================
Received Import Request.
  Time since last request: 31.784206 seconds.
  path: Assets/Scenes/Menus Scene/Mini-Game Controls.unity
  artifactKey: Guid(c12cf5688a896e74c9d048401101c992) Importer(815301076,1909f56bfc062723c751e8b465ee728b)
Start importing Assets/Scenes/Menus Scene/Mini-Game Controls.unity using Guid(c12cf5688a896e74c9d048401101c992) Importer(815301076,1909f56bfc062723c751e8b465ee728b)  -> (artifact id: '154800e810d179d0e24f403994a10410') in 0.008830 seconds
  Import took 0.065268 seconds .

========================================================================
Received Import Request.
  Time since last request: 98.597548 seconds.
  path: Assets/Scripts/MenuScripts/EnemiesInfo.cs
  artifactKey: Guid(80c486bc86f119643bdceb79cfe021ca) Importer(815301076,1909f56bfc062723c751e8b465ee728b)
Start importing Assets/Scripts/MenuScripts/EnemiesInfo.cs using Guid(80c486bc86f119643bdceb79cfe021ca) Importer(815301076,1909f56bfc062723c751e8b465ee728b)  -> (artifact id: '4a6d494917d52ce4fc0889aabc97b1fb') in 0.010275 seconds
  Import took 0.053164 seconds .

========================================================================
Received Prepare
Registering precompiled user dll's ...
Registered in 0.015477 seconds.
Begin MonoManager ReloadAssembly
Native extension for WindowsStandalone target not found
Native extension for WebGL target not found
Refreshing native plugins compatible for Editor in 0.36 ms, found 2 plugins.
Preloading 0 native plugins for Editor in 0.00 ms.
Invoked RoslynAnalysisRunner static constructor.
RoslynAnalysisRunner will not be running.
RoslynAnalysisRunner has terminated.
Mono: successfully reloaded assembly
- Completed reload, in  1.339 seconds
Platform modules already initialized, skipping
Refreshing native plugins compatible for Editor in 0.41 ms, found 2 plugins.
Preloading 0 native plugins for Editor in 0.00 ms.
Unloading 1509 Unused Serialized files (Serialized files now loaded: 0)
System memory in use before: 72.8 MB.
System memory in use after: 72.9 MB.

Unloading 14 unused Assets to reduce memory usage. Loaded Objects now: 2009.
Total: 2.690100 ms (FindLiveObjects: 0.187300 ms CreateObjectMapping: 0.061500 ms MarkObjects: 2.405600 ms  DeleteObjects: 0.034600 ms)

========================================================================
Received Prepare
Registering precompiled user dll's ...
Registered in 0.008644 seconds.
Begin MonoManager ReloadAssembly
Native extension for WindowsStandalone target not found
Native extension for WebGL target not found
Refreshing native plugins compatible for Editor in 0.37 ms, found 2 plugins.
Preloading 0 native plugins for Editor in 0.00 ms.
Invoked RoslynAnalysisRunner static constructor.
RoslynAnalysisRunner will not be running.
RoslynAnalysisRunner has terminated.
Mono: successfully reloaded assembly
- Completed reload, in  1.628 seconds
Platform modules already initialized, skipping
Refreshing native plugins compatible for Editor in 0.62 ms, found 2 plugins.
Preloading 0 native plugins for Editor in 0.00 ms.
Unloading 1509 Unused Serialized files (Serialized files now loaded: 0)
System memory in use before: 72.8 MB.
System memory in use after: 72.9 MB.

Unloading 14 unused Assets to reduce memory usage. Loaded Objects now: 2011.
Total: 2.246000 ms (FindLiveObjects: 0.160000 ms CreateObjectMapping: 0.050700 ms MarkObjects: 1.973900 ms  DeleteObjects: 0.060200 ms)

========================================================================
Received Import Request.
  Time since last request: 64.928377 seconds.
  path: Assets/Scripts/MenuScripts/EnemiesInfo.cs
  artifactKey: Guid(80c486bc86f119643bdceb79cfe021ca) Importer(815301076,1909f56bfc062723c751e8b465ee728b)
Start importing Assets/Scripts/MenuScripts/EnemiesInfo.cs using Guid(80c486bc86f119643bdceb79cfe021ca) Importer(815301076,1909f56bfc062723c751e8b465ee728b)  -> (artifact id: '936bed0d4738751e9a7d6a59c9f20f44') in 0.006148 seconds
  Import took 0.025679 seconds .

========================================================================
Received Import Request.
  Time since last request: 27.790596 seconds.
  path: Assets/Scripts/MenuScripts/GameInfo
  artifactKey: Guid(9631d9cc0da3d5640b07fe8e02c3e945) Importer(815301076,1909f56bfc062723c751e8b465ee728b)
Start importing Assets/Scripts/MenuScripts/GameInfo using Guid(9631d9cc0da3d5640b07fe8e02c3e945) Importer(815301076,1909f56bfc062723c751e8b465ee728b)  -> (artifact id: '8691b934dcb3c3a12c7a235c257136c6') in 0.010155 seconds
  Import took 0.013947 seconds .

========================================================================
Received Prepare
Registering precompiled user dll's ...
Registered in 0.006746 seconds.
Begin MonoManager ReloadAssembly
Native extension for WindowsStandalone target not found
Native extension for WebGL target not found
Refreshing native plugins compatible for Editor in 0.48 ms, found 2 plugins.
Preloading 0 native plugins for Editor in 0.00 ms.
Invoked RoslynAnalysisRunner static constructor.
RoslynAnalysisRunner will not be running.
RoslynAnalysisRunner has terminated.
Mono: successfully reloaded assembly
- Completed reload, in  1.628 seconds
Platform modules already initialized, skipping
Refreshing native plugins compatible for Editor in 0.37 ms, found 2 plugins.
Preloading 0 native plugins for Editor in 0.00 ms.
Unloading 1509 Unused Serialized files (Serialized files now loaded: 0)
System memory in use before: 72.8 MB.
System memory in use after: 72.9 MB.

Unloading 14 unused Assets to reduce memory usage. Loaded Objects now: 2013.
Total: 2.471800 ms (FindLiveObjects: 0.146700 ms CreateObjectMapping: 0.040700 ms MarkObjects: 2.244200 ms  DeleteObjects: 0.039100 ms)

========================================================================
Received Prepare
Registering precompiled user dll's ...
Registered in 0.013945 seconds.
Begin MonoManager ReloadAssembly
Native extension for WindowsStandalone target not found
Native extension for WebGL target not found
Refreshing native plugins compatible for Editor in 0.95 ms, found 2 plugins.
Preloading 0 native plugins for Editor in 0.00 ms.
Invoked RoslynAnalysisRunner static constructor.
RoslynAnalysisRunner will not be running.
RoslynAnalysisRunner has terminated.
Mono: successfully reloaded assembly
- Completed reload, in  1.800 seconds
Platform modules already initialized, skipping
Refreshing native plugins compatible for Editor in 0.36 ms, found 2 plugins.
Preloading 0 native plugins for Editor in 0.00 ms.
Unloading 1509 Unused Serialized files (Serialized files now loaded: 0)
System memory in use before: 72.8 MB.
System memory in use after: 72.9 MB.

Unloading 14 unused Assets to reduce memory usage. Loaded Objects now: 2015.
Total: 2.479600 ms (FindLiveObjects: 0.233800 ms CreateObjectMapping: 0.058600 ms MarkObjects: 2.133000 ms  DeleteObjects: 0.052800 ms)

========================================================================
Received Prepare
Registering precompiled user dll's ...
Registered in 0.007273 seconds.
Begin MonoManager ReloadAssembly
Native extension for WindowsStandalone target not found
Native extension for WebGL target not found
Refreshing native plugins compatible for Editor in 0.79 ms, found 2 plugins.
Preloading 0 native plugins for Editor in 0.00 ms.
Invoked RoslynAnalysisRunner static constructor.
RoslynAnalysisRunner will not be running.
RoslynAnalysisRunner has terminated.
Mono: successfully reloaded assembly
- Completed reload, in  1.569 seconds
Platform modules already initialized, skipping
Refreshing native plugins compatible for Editor in 0.36 ms, found 2 plugins.
Preloading 0 native plugins for Editor in 0.00 ms.
Unloading 1509 Unused Serialized files (Serialized files now loaded: 0)
System memory in use before: 72.8 MB.
System memory in use after: 72.9 MB.

Unloading 14 unused Assets to reduce memory usage. Loaded Objects now: 2017.
Total: 3.044100 ms (FindLiveObjects: 0.171000 ms CreateObjectMapping: 0.058100 ms MarkObjects: 2.761600 ms  DeleteObjects: 0.051800 ms)

========================================================================
Received Prepare
Registering precompiled user dll's ...
Registered in 0.008861 seconds.
Begin MonoManager ReloadAssembly
Native extension for WindowsStandalone target not found
Native extension for WebGL target not found
Refreshing native plugins compatible for Editor in 0.42 ms, found 2 plugins.
Preloading 0 native plugins for Editor in 0.00 ms.
Invoked RoslynAnalysisRunner static constructor.
RoslynAnalysisRunner will not be running.
RoslynAnalysisRunner has terminated.
Mono: successfully reloaded assembly
- Completed reload, in  1.118 seconds
Platform modules already initialized, skipping
Refreshing native plugins compatible for Editor in 0.37 ms, found 2 plugins.
Preloading 0 native plugins for Editor in 0.00 ms.
Unloading 1509 Unused Serialized files (Serialized files now loaded: 0)
System memory in use before: 72.8 MB.
System memory in use after: 72.9 MB.

Unloading 14 unused Assets to reduce memory usage. Loaded Objects now: 2019.
Total: 2.415900 ms (FindLiveObjects: 0.221000 ms CreateObjectMapping: 0.050300 ms MarkObjects: 2.104300 ms  DeleteObjects: 0.039400 ms)

========================================================================
Received Import Request.
  Time since last request: 112.879957 seconds.
  path: Assets/Scripts/MenuScripts/GameInfo/EnemiesInfo.cs
  artifactKey: Guid(80c486bc86f119643bdceb79cfe021ca) Importer(815301076,1909f56bfc062723c751e8b465ee728b)
Start importing Assets/Scripts/MenuScripts/GameInfo/EnemiesInfo.cs using Guid(80c486bc86f119643bdceb79cfe021ca) Importer(815301076,1909f56bfc062723c751e8b465ee728b)  -> (artifact id: '1f0d7c504e13e36c20331e5cbd4d2af2') in 0.006496 seconds
  Import took 0.009403 seconds .

========================================================================
Received Prepare
Registering precompiled user dll's ...
Registered in 0.256611 seconds.
Begin MonoManager ReloadAssembly
Native extension for WindowsStandalone target not found
Native extension for WebGL target not found
Refreshing native plugins compatible for Editor in 0.38 ms, found 2 plugins.
Preloading 0 native plugins for Editor in 0.00 ms.
Invoked RoslynAnalysisRunner static constructor.
RoslynAnalysisRunner will not be running.
RoslynAnalysisRunner has terminated.
Mono: successfully reloaded assembly
- Completed reload, in  2.894 seconds
Platform modules already initialized, skipping
Refreshing native plugins compatible for Editor in 0.36 ms, found 2 plugins.
Preloading 0 native plugins for Editor in 0.00 ms.
Unloading 1509 Unused Serialized files (Serialized files now loaded: 0)
System memory in use before: 72.8 MB.
System memory in use after: 72.9 MB.

Unloading 14 unused Assets to reduce memory usage. Loaded Objects now: 2021.
Total: 3.643100 ms (FindLiveObjects: 0.168800 ms CreateObjectMapping: 0.053700 ms MarkObjects: 3.380400 ms  DeleteObjects: 0.038900 ms)

========================================================================
Received Prepare
Registering precompiled user dll's ...
Registered in 0.037478 seconds.
Begin MonoManager ReloadAssembly
Native extension for WindowsStandalone target not found
Native extension for WebGL target not found
Refreshing native plugins compatible for Editor in 0.37 ms, found 2 plugins.
Preloading 0 native plugins for Editor in 0.00 ms.
Invoked RoslynAnalysisRunner static constructor.
RoslynAnalysisRunner will not be running.
RoslynAnalysisRunner has terminated.
Mono: successfully reloaded assembly
- Completed reload, in  2.743 seconds
Platform modules already initialized, skipping
Refreshing native plugins compatible for Editor in 0.42 ms, found 2 plugins.
Preloading 0 native plugins for Editor in 0.00 ms.
Unloading 1509 Unused Serialized files (Serialized files now loaded: 0)
System memory in use before: 72.8 MB.
System memory in use after: 72.9 MB.

Unloading 14 unused Assets to reduce memory usage. Loaded Objects now: 2023.
Total: 3.090900 ms (FindLiveObjects: 0.163100 ms CreateObjectMapping: 0.051700 ms MarkObjects: 2.837200 ms  DeleteObjects: 0.037700 ms)

========================================================================
Received Import Request.
  Time since last request: 3767.634425 seconds.
  path: Assets/Scenes/Menus Scene/ControlScheme.unity
  artifactKey: Guid(b750dcc4f942c514c9c32a795d110dcd) Importer(815301076,1909f56bfc062723c751e8b465ee728b)
Start importing Assets/Scenes/Menus Scene/ControlScheme.unity using Guid(b750dcc4f942c514c9c32a795d110dcd) Importer(815301076,1909f56bfc062723c751e8b465ee728b)  -> (artifact id: '5ce71ccf5f2cf2c63368943258d92766') in 0.074561 seconds
  Import took 0.137021 seconds .

========================================================================
Received Import Request.
  Time since last request: 9.696450 seconds.
  path: Assets/Scenes/Menus Scene/EnemyInfo.unity
  artifactKey: Guid(e15f6f5015cee29458eeb82cf30bfeeb) Importer(815301076,1909f56bfc062723c751e8b465ee728b)
Start importing Assets/Scenes/Menus Scene/EnemyInfo.unity using Guid(e15f6f5015cee29458eeb82cf30bfeeb) Importer(815301076,1909f56bfc062723c751e8b465ee728b)  -> (artifact id: 'a6d08d9b04aa0a083c862a9e6d73accb') in 0.018770 seconds
  Import took 0.040491 seconds .

========================================================================
Received Import Request.
  Time since last request: 133.094859 seconds.
  path: Assets/Scenes/Menus Scene/Extra&Credits.unity
  artifactKey: Guid(b1e7dfa21eb88a24b9fc216a039a126f) Importer(815301076,1909f56bfc062723c751e8b465ee728b)
Start importing Assets/Scenes/Menus Scene/Extra&Credits.unity using Guid(b1e7dfa21eb88a24b9fc216a039a126f) Importer(815301076,1909f56bfc062723c751e8b465ee728b)  -> (artifact id: 'b7be6e614cce4cbeff1c3ef07e4cc332') in 0.013544 seconds
  Import took 0.017521 seconds .

========================================================================
Received Prepare
Registering precompiled user dll's ...
Registered in 0.084565 seconds.
Begin MonoManager ReloadAssembly
Native extension for WindowsStandalone target not found
Native extension for WebGL target not found
Refreshing native plugins compatible for Editor in 0.57 ms, found 2 plugins.
Preloading 0 native plugins for Editor in 0.00 ms.
Invoked RoslynAnalysisRunner static constructor.
RoslynAnalysisRunner will not be running.
RoslynAnalysisRunner has terminated.
Mono: successfully reloaded assembly
- Completed reload, in  1.518 seconds
Platform modules already initialized, skipping
Refreshing native plugins compatible for Editor in 0.36 ms, found 2 plugins.
Preloading 0 native plugins for Editor in 0.00 ms.
Unloading 1509 Unused Serialized files (Serialized files now loaded: 0)
System memory in use before: 72.8 MB.
System memory in use after: 72.9 MB.

Unloading 14 unused Assets to reduce memory usage. Loaded Objects now: 2025.
Total: 3.301900 ms (FindLiveObjects: 0.296500 ms CreateObjectMapping: 0.141200 ms MarkObjects: 2.809400 ms  DeleteObjects: 0.053700 ms)

========================================================================
Received Import Request.
  Time since last request: 411.798519 seconds.
  path: Assets/Scenes/Menus Scene/GameM.unity
  artifactKey: Guid(289f5d86c33139741ba5277be3c18772) Importer(815301076,1909f56bfc062723c751e8b465ee728b)
Start importing Assets/Scenes/Menus Scene/GameM.unity using Guid(289f5d86c33139741ba5277be3c18772) Importer(815301076,1909f56bfc062723c751e8b465ee728b)  -> (artifact id: '7051e78c88c0c1e734a6217dcfd694fd') in 0.063140 seconds
  Import took 0.097825 seconds .

========================================================================
Received Import Request.
  Time since last request: 11.868115 seconds.
  path: Assets/Scenes/Menus Scene/GameMechanics.unity
  artifactKey: Guid(289f5d86c33139741ba5277be3c18772) Importer(815301076,1909f56bfc062723c751e8b465ee728b)
Start importing Assets/Scenes/Menus Scene/GameMechanics.unity using Guid(289f5d86c33139741ba5277be3c18772) Importer(815301076,1909f56bfc062723c751e8b465ee728b)  -> (artifact id: '4b45ebbe3f06e663afb34ad9921650a8') in 0.010868 seconds
  Import took 0.045314 seconds .

========================================================================
Received Import Request.
  Time since last request: 309.829016 seconds.
  path: Assets/Scenes/Menus Scene/On Hold
  artifactKey: Guid(2787b44af46ebb24c81899574bc6b44c) Importer(815301076,1909f56bfc062723c751e8b465ee728b)
Start importing Assets/Scenes/Menus Scene/On Hold using Guid(2787b44af46ebb24c81899574bc6b44c) Importer(815301076,1909f56bfc062723c751e8b465ee728b)  -> (artifact id: '6a53661cb6bcb1afb70b8c8c92644561') in 0.010371 seconds
  Import took 0.014633 seconds .

========================================================================
Received Import Request.
  Time since last request: 418.846986 seconds.
  path: Assets/Scenes/Menus Scene/EnemyInfo.unity
  artifactKey: Guid(e15f6f5015cee29458eeb82cf30bfeeb) Importer(815301076,1909f56bfc062723c751e8b465ee728b)
Start importing Assets/Scenes/Menus Scene/EnemyInfo.unity using Guid(e15f6f5015cee29458eeb82cf30bfeeb) Importer(815301076,1909f56bfc062723c751e8b465ee728b)  -> (artifact id: '09eb231e55a74e30b93a9bf085234b19') in 0.012783 seconds
  Import took 0.035114 seconds .

========================================================================
Received Import Request.
  Time since last request: 240.448477 seconds.
  path: Assets/Scenes/Menus Scene/GameOver.unity
  artifactKey: Guid(fb55be026491c4746bfa61cd802c66ff) Importer(815301076,1909f56bfc062723c751e8b465ee728b)
Start importing Assets/Scenes/Menus Scene/GameOver.unity using Guid(fb55be026491c4746bfa61cd802c66ff) Importer(815301076,1909f56bfc062723c751e8b465ee728b)  -> (artifact id: 'd484126cd014616b231a0a158f14661c') in 0.038494 seconds
  Import took 0.063232 seconds .

========================================================================
Received Import Request.
  Time since last request: 11.231954 seconds.
  path: Assets/Scenes/Menus Scene/SplashScreen.unity
  artifactKey: Guid(ad3495dfdc96e9245950b38fb95eedcd) Importer(815301076,1909f56bfc062723c751e8b465ee728b)
Start importing Assets/Scenes/Menus Scene/SplashScreen.unity using Guid(ad3495dfdc96e9245950b38fb95eedcd) Importer(815301076,1909f56bfc062723c751e8b465ee728b)  -> (artifact id: '3acb87cc6d1c18ebed8b789c49a77ffa') in 0.010689 seconds
  Import took 0.014735 seconds .

========================================================================
Received Import Request.
  Time since last request: 1.303953 seconds.
  path: Assets/Scenes/Menus Scene/Victory.unity
  artifactKey: Guid(7e38e2efeecf8144c98daf63b53fabaf) Importer(815301076,1909f56bfc062723c751e8b465ee728b)
Start importing Assets/Scenes/Menus Scene/Victory.unity using Guid(7e38e2efeecf8144c98daf63b53fabaf) Importer(815301076,1909f56bfc062723c751e8b465ee728b)  -> (artifact id: '15866943bcae0a4f29ea8817d6753c48') in 0.011224 seconds
  Import took 0.043422 seconds .

========================================================================
Received Import Request.
  Time since last request: 1860.167623 seconds.
  path: Assets/Scenes/Menus Scene/Mini-Game Controls.unity
  artifactKey: Guid(c12cf5688a896e74c9d048401101c992) Importer(815301076,1909f56bfc062723c751e8b465ee728b)
Start importing Assets/Scenes/Menus Scene/Mini-Game Controls.unity using Guid(c12cf5688a896e74c9d048401101c992) Importer(815301076,1909f56bfc062723c751e8b465ee728b)  -> (artifact id: '3fbad9b58b49fd5c09a01ec521c01167') in 0.008314 seconds
  Import took 0.066313 seconds .

========================================================================
Received Import Request.
  Time since last request: 47.845872 seconds.
  path: Assets/Images/Menu/Bubble Button.png
  artifactKey: Guid(b5b510eea06c5e54b975cf8f30584059) Importer(815301076,1909f56bfc062723c751e8b465ee728b)
Start importing Assets/Images/Menu/Bubble Button.png using Guid(b5b510eea06c5e54b975cf8f30584059) Importer(815301076,1909f56bfc062723c751e8b465ee728b)  -> (artifact id: 'e1cbad54581ee3587850623cdb6deb31') in 2.623245 seconds
  Import took 2.650548 seconds .

========================================================================
Received Import Request.
  Time since last request: 0.000934 seconds.
  path: Assets/Textures/Plastic/Elastic_MetallicOcculusionSmoothness.tif
  artifactKey: Guid(f5df2fb0c070b57429f8ca23b216093b) Importer(815301076,1909f56bfc062723c751e8b465ee728b)
Start importing Assets/Textures/Plastic/Elastic_MetallicOcculusionSmoothness.tif using Guid(f5df2fb0c070b57429f8ca23b216093b) Importer(815301076,1909f56bfc062723c751e8b465ee728b)  -> (artifact id: 'af65d536832f0ebdf90c666d7cd33e13') in 0.119549 seconds
  Import took 0.122652 seconds .

========================================================================
Received Import Request.
  Time since last request: 0.000491 seconds.
  path: Assets/Textures/Drywall/Drywall_AlbedoSmoothness.tif
  artifactKey: Guid(3e11968c372730442aae3b4f7c909931) Importer(815301076,1909f56bfc062723c751e8b465ee728b)
Start importing Assets/Textures/Drywall/Drywall_AlbedoSmoothness.tif using Guid(3e11968c372730442aae3b4f7c909931) Importer(815301076,1909f56bfc062723c751e8b465ee728b)  -> (artifact id: 'be5f8b30e07a0d3bcddde06fa120588f') in 0.148904 seconds
  Import took 0.334220 seconds .

========================================================================
Received Import Request.
  Time since last request: 0.000362 seconds.
  path: Assets/Textures/Drywall/Drywall_Normal.tif
  artifactKey: Guid(e231e4c02c48ee14aafa55f7b1a843c1) Importer(815301076,1909f56bfc062723c751e8b465ee728b)
Start importing Assets/Textures/Drywall/Drywall_Normal.tif using Guid(e231e4c02c48ee14aafa55f7b1a843c1) Importer(815301076,1909f56bfc062723c751e8b465ee728b)  -> (artifact id: 'ba5dad59c0b340994ae9e46e2165d4a2') in 1.455723 seconds
  Import took 1.553812 seconds .

========================================================================
Received Import Request.
  Time since last request: 0.000507 seconds.
  path: Assets/Textures/Drywall/Drywall_Albedo.tif
  artifactKey: Guid(eae496078d11426448124eaf8b285e6b) Importer(815301076,1909f56bfc062723c751e8b465ee728b)
Start importing Assets/Textures/Drywall/Drywall_Albedo.tif using Guid(eae496078d11426448124eaf8b285e6b) Importer(815301076,1909f56bfc062723c751e8b465ee728b)  -> (artifact id: 'da9679d40b5418a5e6387b63b4fb2664') in 0.101140 seconds
  Import took 0.119805 seconds .

========================================================================
Received Import Request.
  Time since last request: 0.000476 seconds.
  path: Assets/Textures/Drywall/DrywallPainted_Normal.tif
  artifactKey: Guid(2cd242c9999e92b4ca96dab876cfaf13) Importer(815301076,1909f56bfc062723c751e8b465ee728b)
Start importing Assets/Textures/Drywall/DrywallPainted_Normal.tif using Guid(2cd242c9999e92b4ca96dab876cfaf13) Importer(815301076,1909f56bfc062723c751e8b465ee728b)  -> (artifact id: '8170eee7d3bf22cd199c0ffc0304f649') in 0.040982 seconds
  Import took 0.044145 seconds .

========================================================================
Received Import Request.
  Time since last request: 91.251862 seconds.
  path: Assets/Scenes/Menus Scene/Victory.unity
  artifactKey: Guid(7e38e2efeecf8144c98daf63b53fabaf) Importer(815301076,1909f56bfc062723c751e8b465ee728b)
Start importing Assets/Scenes/Menus Scene/Victory.unity using Guid(7e38e2efeecf8144c98daf63b53fabaf) Importer(815301076,1909f56bfc062723c751e8b465ee728b)  -> (artifact id: '702d22c9f127ecf60c8d83f0c8165eb5') in 0.011653 seconds
  Import took 0.037284 seconds .

========================================================================
Received Prepare
Registering precompiled user dll's ...
Registered in 0.024536 seconds.
Begin MonoManager ReloadAssembly
Native extension for WindowsStandalone target not found
Native extension for WebGL target not found
Refreshing native plugins compatible for Editor in 0.50 ms, found 2 plugins.
Preloading 0 native plugins for Editor in 0.00 ms.
Invoked RoslynAnalysisRunner static constructor.
RoslynAnalysisRunner will not be running.
RoslynAnalysisRunner has terminated.
Mono: successfully reloaded assembly
- Completed reload, in  3.095 seconds
Platform modules already initialized, skipping
Refreshing native plugins compatible for Editor in 0.53 ms, found 2 plugins.
Preloading 0 native plugins for Editor in 0.00 ms.
Unloading 1509 Unused Serialized files (Serialized files now loaded: 0)
System memory in use before: 72.9 MB.
System memory in use after: 73.0 MB.

Unloading 14 unused Assets to reduce memory usage. Loaded Objects now: 2031.
Total: 3.084800 ms (FindLiveObjects: 0.289900 ms CreateObjectMapping: 0.061200 ms MarkObjects: 2.682600 ms  DeleteObjects: 0.049800 ms)

========================================================================
Received Import Request.
  Time since last request: 293.676982 seconds.
  path: Assets/Scenes/Menus Scene/Mini-Game Controls.unity
  artifactKey: Guid(c12cf5688a896e74c9d048401101c992) Importer(815301076,1909f56bfc062723c751e8b465ee728b)
Start importing Assets/Scenes/Menus Scene/Mini-Game Controls.unity using Guid(c12cf5688a896e74c9d048401101c992) Importer(815301076,1909f56bfc062723c751e8b465ee728b)  -> (artifact id: 'dcaa56ccf9d67a4b0dc21610baaa78c4') in 0.017718 seconds
  Import took 0.038494 seconds .

========================================================================
Received Import Request.
  Time since last request: 0.000404 seconds.
  path: Assets/Scenes/Menus Scene/On Hold/GameMechanics.unity
  artifactKey: Guid(289f5d86c33139741ba5277be3c18772) Importer(815301076,1909f56bfc062723c751e8b465ee728b)
Start importing Assets/Scenes/Menus Scene/On Hold/GameMechanics.unity using Guid(289f5d86c33139741ba5277be3c18772) Importer(815301076,1909f56bfc062723c751e8b465ee728b)  -> (artifact id: 'e4347c29151674587b37347e394cbcbf') in 0.016324 seconds
  Import took 0.031127 seconds .

========================================================================
Received Import Request.
  Time since last request: 1942.518927 seconds.
  path: Assets/Scenes/Menus Scene/ControlScheme.unity
  artifactKey: Guid(b750dcc4f942c514c9c32a795d110dcd) Importer(815301076,1909f56bfc062723c751e8b465ee728b)
Start importing Assets/Scenes/Menus Scene/ControlScheme.unity using Guid(b750dcc4f942c514c9c32a795d110dcd) Importer(815301076,1909f56bfc062723c751e8b465ee728b)  -> (artifact id: '6210236715b3ab9381e282d6f9ec322d') in 0.045708 seconds
  Import took 0.067458 seconds .

========================================================================
Received Import Request.
  Time since last request: 521.387394 seconds.
  path: Assets/Scenes/Menus Scene/Extra&Credits.unity
  artifactKey: Guid(b1e7dfa21eb88a24b9fc216a039a126f) Importer(815301076,1909f56bfc062723c751e8b465ee728b)
Start importing Assets/Scenes/Menus Scene/Extra&Credits.unity using Guid(b1e7dfa21eb88a24b9fc216a039a126f) Importer(815301076,1909f56bfc062723c751e8b465ee728b)  -> (artifact id: 'e25871a8da14ef9156dbb1f342960392') in 0.023891 seconds
  Import took 0.028312 seconds .

========================================================================
Received Import Request.
  Time since last request: 5.072428 seconds.
  path: Assets/Scenes/Menus Scene/Main Menu.unity
  artifactKey: Guid(f6aeab6f42766244688559c7b2517f40) Importer(815301076,1909f56bfc062723c751e8b465ee728b)
Start importing Assets/Scenes/Menus Scene/Main Menu.unity using Guid(f6aeab6f42766244688559c7b2517f40) Importer(815301076,1909f56bfc062723c751e8b465ee728b)  -> (artifact id: '559be61f9952709051efe7c2403544b5') in 0.026810 seconds
  Import took 0.039559 seconds .

========================================================================
Received Prepare
Registering precompiled user dll's ...
Registered in 0.008961 seconds.
Begin MonoManager ReloadAssembly
Native extension for WindowsStandalone target not found
Native extension for WebGL target not found
Refreshing native plugins compatible for Editor in 0.48 ms, found 2 plugins.
Preloading 0 native plugins for Editor in 0.00 ms.
Invoked RoslynAnalysisRunner static constructor.
RoslynAnalysisRunner will not be running.
RoslynAnalysisRunner has terminated.
Mono: successfully reloaded assembly
- Completed reload, in  3.656 seconds
Platform modules already initialized, skipping
Refreshing native plugins compatible for Editor in 0.46 ms, found 2 plugins.
Preloading 0 native plugins for Editor in 0.00 ms.
Unloading 1509 Unused Serialized files (Serialized files now loaded: 0)
System memory in use before: 73.0 MB.
System memory in use after: 73.1 MB.

Unloading 14 unused Assets to reduce memory usage. Loaded Objects now: 2033.
Total: 3.397800 ms (FindLiveObjects: 0.371000 ms CreateObjectMapping: 0.110100 ms MarkObjects: 2.783900 ms  DeleteObjects: 0.131400 ms)

========================================================================
Received Prepare
Registering precompiled user dll's ...
Registered in 0.048789 seconds.
Begin MonoManager ReloadAssembly
Native extension for WindowsStandalone target not found
Native extension for WebGL target not found
Refreshing native plugins compatible for Editor in 0.39 ms, found 2 plugins.
Preloading 0 native plugins for Editor in 0.00 ms.
Invoked RoslynAnalysisRunner static constructor.
RoslynAnalysisRunner will not be running.
RoslynAnalysisRunner has terminated.
Mono: successfully reloaded assembly
- Completed reload, in  1.958 seconds
Platform modules already initialized, skipping
Refreshing native plugins compatible for Editor in 0.45 ms, found 2 plugins.
Preloading 0 native plugins for Editor in 0.00 ms.
Unloading 1509 Unused Serialized files (Serialized files now loaded: 0)
System memory in use before: 73.0 MB.
System memory in use after: 73.1 MB.

Unloading 14 unused Assets to reduce memory usage. Loaded Objects now: 2035.
Total: 2.465400 ms (FindLiveObjects: 0.148800 ms CreateObjectMapping: 0.041000 ms MarkObjects: 2.173200 ms  DeleteObjects: 0.100900 ms)

========================================================================
Received Import Request.
  Time since last request: 4249.321370 seconds.
  path: Assets/Scripts/PlayerScripts
  artifactKey: Guid(a119e2915d0de8b469e2f5fb582377df) Importer(815301076,1909f56bfc062723c751e8b465ee728b)
Start importing Assets/Scripts/PlayerScripts using Guid(a119e2915d0de8b469e2f5fb582377df) Importer(815301076,1909f56bfc062723c751e8b465ee728b)  -> (artifact id: '870d283a11854c9758e254cbf9afb89d') in 0.157604 seconds
  Import took 0.205416 seconds .

========================================================================
Received Import Request.
  Time since last request: 2.354911 seconds.
  path: Assets/Scripts/PlayerScripts/PlayerShooting.cs
  artifactKey: Guid(f9280b6f225b8984597a819c09c25d6a) Importer(815301076,1909f56bfc062723c751e8b465ee728b)
Start importing Assets/Scripts/PlayerScripts/PlayerShooting.cs using Guid(f9280b6f225b8984597a819c09c25d6a) Importer(815301076,1909f56bfc062723c751e8b465ee728b)  -> (artifact id: 'f66ab4e7b7a20e3821ec43eb56b195d1') in 0.225816 seconds
  Import took 0.230375 seconds .

========================================================================
Received Import Request.
  Time since last request: 0.356331 seconds.
  path: Assets/Scripts/PlayerScripts/PlayerShooting.cs
  artifactKey: Guid(f9280b6f225b8984597a819c09c25d6a) Importer(815301076,1909f56bfc062723c751e8b465ee728b)
Start importing Assets/Scripts/PlayerScripts/PlayerShooting.cs using Guid(f9280b6f225b8984597a819c09c25d6a) Importer(815301076,1909f56bfc062723c751e8b465ee728b)  -> (artifact id: 'f66ab4e7b7a20e3821ec43eb56b195d1') in 0.003285 seconds
  Import took 0.006161 seconds .

========================================================================
Received Prepare
Registering precompiled user dll's ...
Registered in 0.734841 seconds.
Begin MonoManager ReloadAssembly
Native extension for WindowsStandalone target not found
Native extension for WebGL target not found
Refreshing native plugins compatible for Editor in 0.70 ms, found 2 plugins.
Preloading 0 native plugins for Editor in 0.00 ms.
Invoked RoslynAnalysisRunner static constructor.
RoslynAnalysisRunner will not be running.
RoslynAnalysisRunner has terminated.
Mono: successfully reloaded assembly
- Completed reload, in 51.720 seconds
Platform modules already initialized, skipping
Script is not up to date after domain reload: guid(994201ce6787c2443b52536209d2ea54) path("Assets/Scripts/QuitManager.cs") state(2)
Refreshing native plugins compatible for Editor in 0.63 ms, found 2 plugins.
Preloading 0 native plugins for Editor in 0.00 ms.
Unloading 1509 Unused Serialized files (Serialized files now loaded: 0)
System memory in use before: 73.0 MB.
System memory in use after: 73.1 MB.

Unloading 14 unused Assets to reduce memory usage. Loaded Objects now: 2037.
Total: 1715.594100 ms (FindLiveObjects: 159.015200 ms CreateObjectMapping: 0.288700 ms MarkObjects: 1556.130700 ms  DeleteObjects: 0.157300 ms)

========================================================================
Received Prepare
Registering precompiled user dll's ...
Registered in 0.458586 seconds.
Begin MonoManager ReloadAssembly
Native extension for WindowsStandalone target not found
Native extension for WebGL target not found
Refreshing native plugins compatible for Editor in 0.47 ms, found 2 plugins.
Preloading 0 native plugins for Editor in 0.00 ms.
Invoked RoslynAnalysisRunner static constructor.
RoslynAnalysisRunner will not be running.
RoslynAnalysisRunner has terminated.
Mono: successfully reloaded assembly
- Completed reload, in  4.665 seconds
Platform modules already initialized, skipping
Refreshing native plugins compatible for Editor in 1.24 ms, found 2 plugins.
Preloading 0 native plugins for Editor in 0.00 ms.
Unloading 1510 Unused Serialized files (Serialized files now loaded: 0)
System memory in use before: 73.0 MB.
System memory in use after: 73.1 MB.

Unloading 14 unused Assets to reduce memory usage. Loaded Objects now: 2040.
Total: 8738.043300 ms (FindLiveObjects: 224.660500 ms CreateObjectMapping: 0.198200 ms MarkObjects: 8497.517700 ms  DeleteObjects: 15.570500 ms)

========================================================================
Received Prepare
Registering precompiled user dll's ...
Registered in 0.469302 seconds.
Begin MonoManager ReloadAssembly
Native extension for WindowsStandalone target not found
Native extension for WebGL target not found
Refreshing native plugins compatible for Editor in 0.44 ms, found 2 plugins.
Preloading 0 native plugins for Editor in 0.00 ms.
Invoked RoslynAnalysisRunner static constructor.
RoslynAnalysisRunner will not be running.
RoslynAnalysisRunner has terminated.
Mono: successfully reloaded assembly
- Completed reload, in 15.131 seconds
Platform modules already initialized, skipping
Refreshing native plugins compatible for Editor in 0.63 ms, found 2 plugins.
Preloading 0 native plugins for Editor in 0.00 ms.
Unloading 1510 Unused Serialized files (Serialized files now loaded: 0)
System memory in use before: 73.0 MB.
System memory in use after: 73.1 MB.

Unloading 14 unused Assets to reduce memory usage. Loaded Objects now: 2042.
Total: 3.895700 ms (FindLiveObjects: 0.562800 ms CreateObjectMapping: 0.066400 ms MarkObjects: 3.197400 ms  DeleteObjects: 0.067500 ms)

========================================================================
Received Prepare
Registering precompiled user dll's ...
Registered in 3.904010 seconds.
Begin MonoManager ReloadAssembly
Native extension for WindowsStandalone target not found
Native extension for WebGL target not found
Refreshing native plugins compatible for Editor in 0.46 ms, found 2 plugins.
Preloading 0 native plugins for Editor in 0.00 ms.
Invoked RoslynAnalysisRunner static constructor.
RoslynAnalysisRunner will not be running.
RoslynAnalysisRunner has terminated.
Mono: successfully reloaded assembly
- Completed reload, in  2.904 seconds
Platform modules already initialized, skipping
Refreshing native plugins compatible for Editor in 0.36 ms, found 2 plugins.
Preloading 0 native plugins for Editor in 0.00 ms.
Unloading 1510 Unused Serialized files (Serialized files now loaded: 0)
System memory in use before: 73.0 MB.
System memory in use after: 73.1 MB.

Unloading 14 unused Assets to reduce memory usage. Loaded Objects now: 2044.
Total: 4.894100 ms (FindLiveObjects: 0.179600 ms CreateObjectMapping: 0.053800 ms MarkObjects: 4.633500 ms  DeleteObjects: 0.025900 ms)

========================================================================
Received Prepare
Registering precompiled user dll's ...
Registered in 0.008107 seconds.
Begin MonoManager ReloadAssembly
Native extension for WindowsStandalone target not found
Native extension for WebGL target not found
Refreshing native plugins compatible for Editor in 0.58 ms, found 2 plugins.
Preloading 0 native plugins for Editor in 0.00 ms.
Invoked RoslynAnalysisRunner static constructor.
RoslynAnalysisRunner will not be running.
RoslynAnalysisRunner has terminated.
Mono: successfully reloaded assembly
- Completed reload, in  1.987 seconds
Platform modules already initialized, skipping
Refreshing native plugins compatible for Editor in 0.36 ms, found 2 plugins.
Preloading 0 native plugins for Editor in 0.00 ms.
Unloading 1510 Unused Serialized files (Serialized files now loaded: 0)
System memory in use before: 73.0 MB.
System memory in use after: 73.1 MB.

Unloading 14 unused Assets to reduce memory usage. Loaded Objects now: 2046.
Total: 2.874800 ms (FindLiveObjects: 0.164900 ms CreateObjectMapping: 0.051500 ms MarkObjects: 2.525700 ms  DeleteObjects: 0.131500 ms)

========================================================================
Received Prepare
Registering precompiled user dll's ...
Registered in 0.006455 seconds.
Begin MonoManager ReloadAssembly
Native extension for WindowsStandalone target not found
Native extension for WebGL target not found
Refreshing native plugins compatible for Editor in 0.36 ms, found 2 plugins.
Preloading 0 native plugins for Editor in 0.00 ms.
Invoked RoslynAnalysisRunner static constructor.
RoslynAnalysisRunner will not be running.
RoslynAnalysisRunner has terminated.
Mono: successfully reloaded assembly
- Completed reload, in  2.242 seconds
Platform modules already initialized, skipping
Refreshing native plugins compatible for Editor in 0.54 ms, found 2 plugins.
Preloading 0 native plugins for Editor in 0.00 ms.
Unloading 1511 Unused Serialized files (Serialized files now loaded: 0)
System memory in use before: 73.1 MB.
System memory in use after: 73.2 MB.

Unloading 14 unused Assets to reduce memory usage. Loaded Objects now: 2049.
Total: 2.530700 ms (FindLiveObjects: 0.167400 ms CreateObjectMapping: 0.051300 ms MarkObjects: 2.257800 ms  DeleteObjects: 0.053200 ms)

========================================================================
Received Import Request.
  Time since last request: 2116.714734 seconds.
  path: Assets/Scripts/MenuScripts/NewBehaviourScript.cs
  artifactKey: Guid(4e9601b77f483974fb9228894c0668ce) Importer(815301076,1909f56bfc062723c751e8b465ee728b)
Start importing Assets/Scripts/MenuScripts/NewBehaviourScript.cs using Guid(4e9601b77f483974fb9228894c0668ce) Importer(815301076,1909f56bfc062723c751e8b465ee728b)  -> (artifact id: '60e1e10ffe17c0c8004f10c5792d3034') in 0.222596 seconds
  Import took 0.364283 seconds .

========================================================================
Received Import Request.
  Time since last request: 1.520822 seconds.
  path: Assets/Scripts/MenuScripts/NewBehaviourScript.cs
  artifactKey: Guid(4e9601b77f483974fb9228894c0668ce) Importer(815301076,1909f56bfc062723c751e8b465ee728b)
Start importing Assets/Scripts/MenuScripts/NewBehaviourScript.cs using Guid(4e9601b77f483974fb9228894c0668ce) Importer(815301076,1909f56bfc062723c751e8b465ee728b)  -> (artifact id: '60e1e10ffe17c0c8004f10c5792d3034') in 0.010169 seconds
  Import took 0.059778 seconds .

========================================================================
Received Prepare
Registering precompiled user dll's ...
Registered in 0.007107 seconds.
Begin MonoManager ReloadAssembly
Native extension for WindowsStandalone target not found
Native extension for WebGL target not found
Refreshing native plugins compatible for Editor in 0.47 ms, found 2 plugins.
Preloading 0 native plugins for Editor in 0.00 ms.
Invoked RoslynAnalysisRunner static constructor.
RoslynAnalysisRunner will not be running.
RoslynAnalysisRunner has terminated.
Mono: successfully reloaded assembly
- Completed reload, in  1.913 seconds
Platform modules already initialized, skipping
Refreshing native plugins compatible for Editor in 0.54 ms, found 2 plugins.
Preloading 0 native plugins for Editor in 0.00 ms.
Unloading 1510 Unused Serialized files (Serialized files now loaded: 0)
System memory in use before: 73.0 MB.
System memory in use after: 73.2 MB.

Unloading 15 unused Assets to reduce memory usage. Loaded Objects now: 2050.
Total: 2.589100 ms (FindLiveObjects: 0.169400 ms CreateObjectMapping: 0.061700 ms MarkObjects: 2.300600 ms  DeleteObjects: 0.033000 ms)

========================================================================
Received Prepare
Refreshing native plugins compatible for Editor in 24.14 ms, found 2 plugins.
Preloading 0 native plugins for Editor in 0.00 ms.
Unloading 12 Unused Serialized files (Serialized files now loaded: 0)
System memory in use before: 43.4 MB.
System memory in use after: 43.5 MB.

Unloading 12 unused Assets to reduce memory usage. Loaded Objects now: 2050.
Total: 3.508800 ms (FindLiveObjects: 0.257200 ms CreateObjectMapping: 0.173400 ms MarkObjects: 3.057400 ms  DeleteObjects: 0.019200 ms)

========================================================================
Received Prepare
Registering precompiled user dll's ...
Registered in 0.787728 seconds.
Begin MonoManager ReloadAssembly
Native extension for WindowsStandalone target not found
Native extension for WebGL target not found
Refreshing native plugins compatible for Editor in 0.51 ms, found 2 plugins.
Preloading 0 native plugins for Editor in 0.00 ms.
Invoked RoslynAnalysisRunner static constructor.
RoslynAnalysisRunner will not be running.
RoslynAnalysisRunner has terminated.
Mono: successfully reloaded assembly
- Completed reload, in  7.503 seconds
Platform modules already initialized, skipping
Refreshing native plugins compatible for Editor in 0.45 ms, found 2 plugins.
Preloading 0 native plugins for Editor in 0.00 ms.
Unloading 1510 Unused Serialized files (Serialized files now loaded: 0)
System memory in use before: 73.1 MB.
System memory in use after: 73.2 MB.

Unloading 14 unused Assets to reduce memory usage. Loaded Objects now: 2052.
Total: 214.360200 ms (FindLiveObjects: 37.194200 ms CreateObjectMapping: 0.112900 ms MarkObjects: 176.992100 ms  DeleteObjects: 0.058500 ms)

========================================================================
Received Prepare
Refreshing native plugins compatible for Editor in 61.32 ms, found 2 plugins.
Preloading 0 native plugins for Editor in 0.00 ms.
Unloading 12 Unused Serialized files (Serialized files now loaded: 0)
System memory in use before: 43.5 MB.
System memory in use after: 43.6 MB.

Unloading 12 unused Assets to reduce memory usage. Loaded Objects now: 2052.
Total: 3.815700 ms (FindLiveObjects: 0.165900 ms CreateObjectMapping: 0.040500 ms MarkObjects: 3.565500 ms  DeleteObjects: 0.042300 ms)

========================================================================
Received Prepare
Registering precompiled user dll's ...
Registered in 0.189230 seconds.
Begin MonoManager ReloadAssembly
Native extension for WindowsStandalone target not found
Native extension for WebGL target not found
Refreshing native plugins compatible for Editor in 0.52 ms, found 2 plugins.
Preloading 0 native plugins for Editor in 0.00 ms.
Invoked RoslynAnalysisRunner static constructor.
RoslynAnalysisRunner will not be running.
RoslynAnalysisRunner has terminated.
Mono: successfully reloaded assembly
- Completed reload, in  5.279 seconds
Platform modules already initialized, skipping
Refreshing native plugins compatible for Editor in 0.54 ms, found 2 plugins.
Preloading 0 native plugins for Editor in 0.00 ms.
Unloading 1510 Unused Serialized files (Serialized files now loaded: 0)
System memory in use before: 73.1 MB.
System memory in use after: 73.2 MB.

Unloading 14 unused Assets to reduce memory usage. Loaded Objects now: 2054.
Total: 2.741300 ms (FindLiveObjects: 0.211400 ms CreateObjectMapping: 0.043700 ms MarkObjects: 2.440200 ms  DeleteObjects: 0.044700 ms)

========================================================================
Received Prepare
Refreshing native plugins compatible for Editor in 4.65 ms, found 2 plugins.
Preloading 0 native plugins for Editor in 0.00 ms.
Unloading 12 Unused Serialized files (Serialized files now loaded: 0)
System memory in use before: 43.5 MB.
System memory in use after: 43.6 MB.

Unloading 12 unused Assets to reduce memory usage. Loaded Objects now: 2054.
Total: 3.611300 ms (FindLiveObjects: 0.212000 ms CreateObjectMapping: 0.042500 ms MarkObjects: 3.317700 ms  DeleteObjects: 0.037400 ms)

========================================================================
Received Import Request.
  Time since last request: 2033.661640 seconds.
  path: Assets/Scenes/Level.unity
  artifactKey: Guid(63e7426a805f86f41adcbc7428a2c43d) Importer(815301076,1909f56bfc062723c751e8b465ee728b)
Start importing Assets/Scenes/Level.unity using Guid(63e7426a805f86f41adcbc7428a2c43d) Importer(815301076,1909f56bfc062723c751e8b465ee728b)  -> (artifact id: '4f813800cdd7dbbe578f280eaba3e2c2') in 0.910312 seconds
  Import took 1.519233 seconds .

