Using pre-set license
Built from '2020.3/release' branch; Version is '2020.3.2f1 (8fd9074bf66c) revision 9427207'; Using compiler version '192528614'; Build Type 'Release'
OS: 'Windows 10 Pro; OS build 19042.1526; Version 2009; 64bit' Language: 'en' Physical Memory: 8072 MB
BatchMode: 1, IsHumanControllingUs: 0, StartBugReporterOnCrash: 0, Is64bit: 1, IsPro: 0

 COMMAND LINE ARGUMENTS:
C:\Program Files\Unity\Hub\Editor\2020.3.2f1\Editor\Unity.exe
-adb2
-batchMode
-noUpm
-name
AssetImportWorker1
-projectPath
C:/Users/Family/Desktop/GameProjectDev-main/GameProjectDev-main/Game_Rush
-logFile
Logs/AssetImportWorker1.log
-srvPort
54916
Successfully changed project path to: C:/Users/Family/Desktop/GameProjectDev-main/GameProjectDev-main/Game_Rush
C:/Users/Family/Desktop/GameProjectDev-main/GameProjectDev-main/Game_Rush
Using Asset Import Pipeline V2.
Refreshing native plugins compatible for Editor in 47.77 ms, found 2 plugins.
Preloading 0 native plugins for Editor in 0.00 ms.
Initialize engine version: 2020.3.2f1 (8fd9074bf66c)
[Subsystems] Discovering subsystems at path C:/Program Files/Unity/Hub/Editor/2020.3.2f1/Editor/Data/Resources/UnitySubsystems
[Subsystems] Discovering subsystems at path C:/Users/Family/Desktop/GameProjectDev-main/GameProjectDev-main/Game_Rush/Assets
GfxDevice: creating device client; threaded=0
Direct3D:
    Version:  Direct3D 11.0 [level 11.1]
    Renderer: Intel(R) HD Graphics 530 (ID=0x1912)
    Vendor:   
    VRAM:     4036 MB
    Driver:   27.20.100.9416
Initialize mono
Mono path[0] = 'C:/Program Files/Unity/Hub/Editor/2020.3.2f1/Editor/Data/Managed'
Mono path[1] = 'C:/Program Files/Unity/Hub/Editor/2020.3.2f1/Editor/Data/MonoBleedingEdge/lib/mono/unityjit'
Mono config path = 'C:/Program Files/Unity/Hub/Editor/2020.3.2f1/Editor/Data/MonoBleedingEdge/etc'
Using monoOptions --debugger-agent=transport=dt_socket,embedding=1,server=y,suspend=n,address=127.0.0.1:56044
Begin MonoManager ReloadAssembly
Registering precompiled unity dll's ...
Register platform support module: C:/Program Files/Unity/Hub/Editor/2020.3.2f1/Editor/Data/PlaybackEngines/WebGLSupport/UnityEditor.WebGL.Extensions.dll
Register platform support module: C:/Program Files/Unity/Hub/Editor/2020.3.2f1/Editor/Data/PlaybackEngines/WindowsStandaloneSupport/UnityEditor.WindowsStandalone.Extensions.dll
Registered in 0.003386 seconds.
Native extension for WindowsStandalone target not found
Native extension for WebGL target not found
Refreshing native plugins compatible for Editor in 34.03 ms, found 2 plugins.
Preloading 0 native plugins for Editor in 0.00 ms.
Invoked RoslynAnalysisRunner static constructor.
RoslynAnalysisRunner will not be running.
RoslynAnalysisRunner has terminated.
Mono: successfully reloaded assembly
- Completed reload, in  1.403 seconds
Platform modules already initialized, skipping
Registering precompiled user dll's ...
Registered in 0.006261 seconds.
Begin MonoManager ReloadAssembly
Native extension for WindowsStandalone target not found
Native extension for WebGL target not found
Refreshing native plugins compatible for Editor in 0.36 ms, found 2 plugins.
Preloading 0 native plugins for Editor in 0.00 ms.
Invoked RoslynAnalysisRunner static constructor.
RoslynAnalysisRunner will not be running.
RoslynAnalysisRunner has terminated.
Mono: successfully reloaded assembly
- Completed reload, in  2.713 seconds
Platform modules already initialized, skipping
========================================================================
Worker process is ready to serve import requests
Launched and connected shader compiler UnityShaderCompiler.exe after 0.55 seconds
Refreshing native plugins compatible for Editor in 0.35 ms, found 2 plugins.
Preloading 0 native plugins for Editor in 0.00 ms.
Unloading 1518 Unused Serialized files (Serialized files now loaded: 0)
System memory in use before: 69.3 MB.
System memory in use after: 69.4 MB.

Unloading 19 unused Assets to reduce memory usage. Loaded Objects now: 1951.
Total: 2.791300 ms (FindLiveObjects: 0.155500 ms CreateObjectMapping: 0.040300 ms MarkObjects: 2.462700 ms  DeleteObjects: 0.131700 ms)

========================================================================
Received Import Request.
  path: Assets/Scenes
  artifactKey: Guid(50075532be697334d9b9235ae48ac337) Importer(815301076,1909f56bfc062723c751e8b465ee728b)
Start importing Assets/Scenes using Guid(50075532be697334d9b9235ae48ac337) Importer(815301076,1909f56bfc062723c751e8b465ee728b)  -> (artifact id: 'f7787a431b055f3c685443bfcf249f84') in 0.344642 seconds
  Import took 0.347429 seconds .

========================================================================
Received Import Request.
  Time since last request: 0.000475 seconds.
  path: Assets/Scenes/Level.unity
  artifactKey: Guid(63e7426a805f86f41adcbc7428a2c43d) Importer(815301076,1909f56bfc062723c751e8b465ee728b)
Start importing Assets/Scenes/Level.unity using Guid(63e7426a805f86f41adcbc7428a2c43d) Importer(815301076,1909f56bfc062723c751e8b465ee728b)  -> (artifact id: '81fcc497248048db963f34f330e7e7f9') in 0.067759 seconds
  Import took 0.070298 seconds .

========================================================================
Received Import Request.
  Time since last request: 239.859782 seconds.
  path: Assets/Images
  artifactKey: Guid(cf2ce1947ca5a624ab9a0c301d1f9667) Importer(815301076,1909f56bfc062723c751e8b465ee728b)
Start importing Assets/Images using Guid(cf2ce1947ca5a624ab9a0c301d1f9667) Importer(815301076,1909f56bfc062723c751e8b465ee728b)  -> (artifact id: '000d5264e738d420e6a1a880fbbd5a6b') in 1.311564 seconds
  Import took 1.702866 seconds .

========================================================================
Received Import Request.
  Time since last request: 0.000467 seconds.
  path: Assets/Images/Menu_concept.png
  artifactKey: Guid(ca8aec291af9cb844b769b94464b378f) Importer(815301076,1909f56bfc062723c751e8b465ee728b)
Start importing Assets/Images/Menu_concept.png using Guid(ca8aec291af9cb844b769b94464b378f) Importer(815301076,1909f56bfc062723c751e8b465ee728b)  -> (artifact id: 'bed805c46b1d2ca405d0c7ce5766f5d0') in 9.410359 seconds
  Import took 9.412996 seconds .

========================================================================
Received Import Request.
  Time since last request: 0.000573 seconds.
  path: Assets/Images/Menu
  artifactKey: Guid(3fd3391e7d7c4564da54addd45f002d2) Importer(815301076,1909f56bfc062723c751e8b465ee728b)
Start importing Assets/Images/Menu using Guid(3fd3391e7d7c4564da54addd45f002d2) Importer(815301076,1909f56bfc062723c751e8b465ee728b)  -> (artifact id: '6b06de5337755d2f976f726f7c5d4dbd') in 0.083692 seconds
  Import took 0.086745 seconds .

========================================================================
Received Import Request.
  Time since last request: 0.000504 seconds.
  path: Assets/Images/Menu/Main Menu Text.png
  artifactKey: Guid(4dd3535592dea66438919c7189979317) Importer(815301076,1909f56bfc062723c751e8b465ee728b)
Start importing Assets/Images/Menu/Main Menu Text.png using Guid(4dd3535592dea66438919c7189979317) Importer(815301076,1909f56bfc062723c751e8b465ee728b)  -> (artifact id: 'e4aa5d3f2967ec0f0419e5228c013366') in 0.473029 seconds
  Import took 0.475499 seconds .

========================================================================
Received Import Request.
  Time since last request: 0.000422 seconds.
  path: Assets/Images/Menu/Game Title.png
  artifactKey: Guid(b7b67035f4f4b34439440f42f365ef70) Importer(815301076,1909f56bfc062723c751e8b465ee728b)
Start importing Assets/Images/Menu/Game Title.png using Guid(b7b67035f4f4b34439440f42f365ef70) Importer(815301076,1909f56bfc062723c751e8b465ee728b)  -> (artifact id: 'c755f95d5d6023c488d295e0a4c5d09e') in 1.534684 seconds
  Import took 1.729430 seconds .

========================================================================
Received Import Request.
  Time since last request: 0.000408 seconds.
  path: Assets/Images/Menu/Bubble Button.png
  artifactKey: Guid(b5b510eea06c5e54b975cf8f30584059) Importer(815301076,1909f56bfc062723c751e8b465ee728b)
Start importing Assets/Images/Menu/Bubble Button.png using Guid(b5b510eea06c5e54b975cf8f30584059) Importer(815301076,1909f56bfc062723c751e8b465ee728b)  -> (artifact id: '461d3ddf941ea2b7662fd826466f928f') in 6.957517 seconds
  Import took 6.962928 seconds .

========================================================================
Received Import Request.
  Time since last request: 0.000489 seconds.
  path: Assets/Images/Menu/Main Menu.png
  artifactKey: Guid(ddcdb69ee0ff97242aab956466b92775) Importer(815301076,1909f56bfc062723c751e8b465ee728b)
Start importing Assets/Images/Menu/Main Menu.png using Guid(ddcdb69ee0ff97242aab956466b92775) Importer(815301076,1909f56bfc062723c751e8b465ee728b)  -> (artifact id: '12c2f7341fdace85cea5489dc715e3af') in 0.113298 seconds
  Import took 0.118134 seconds .

========================================================================
Received Import Request.
  Time since last request: 0.000502 seconds.
  path: Assets/Images/City_enviroment.PNG
  artifactKey: Guid(f298ff27f63d19944bd52479c048d471) Importer(815301076,1909f56bfc062723c751e8b465ee728b)
Start importing Assets/Images/City_enviroment.PNG using Guid(f298ff27f63d19944bd52479c048d471) Importer(815301076,1909f56bfc062723c751e8b465ee728b)  -> (artifact id: 'a41c310842c47b0a53aec20b836f2af0') in 0.226971 seconds
  Import took 0.234283 seconds .

========================================================================
Received Import Request.
  Time since last request: 0.732458 seconds.
  path: Assets/Images/Menu/Bubble Button.png
  artifactKey: Guid(b5b510eea06c5e54b975cf8f30584059) Importer(815301076,1909f56bfc062723c751e8b465ee728b)
Start importing Assets/Images/Menu/Bubble Button.png using Guid(b5b510eea06c5e54b975cf8f30584059) Importer(815301076,1909f56bfc062723c751e8b465ee728b)  -> (artifact id: '461d3ddf941ea2b7662fd826466f928f') in 0.067386 seconds
  Import took 0.072803 seconds .

========================================================================
Received Import Request.
  Time since last request: 71.893374 seconds.
  path: Assets/Images/Icons
  artifactKey: Guid(aaca7bdd34d7c8945bcecb7f3349c4ab) Importer(815301076,1909f56bfc062723c751e8b465ee728b)
Start importing Assets/Images/Icons using Guid(aaca7bdd34d7c8945bcecb7f3349c4ab) Importer(815301076,1909f56bfc062723c751e8b465ee728b)  -> (artifact id: 'faa7dcaaace0e7e255a28c455da298af') in 0.041872 seconds
  Import took 0.045911 seconds .

========================================================================
Received Import Request.
  Time since last request: 0.042251 seconds.
  path: Assets/Images/Icons/Angela-Icon.jpg
  artifactKey: Guid(383f8ea3d5852cb43a539d67c923ccc1) Importer(815301076,1909f56bfc062723c751e8b465ee728b)
Start importing Assets/Images/Icons/Angela-Icon.jpg using Guid(383f8ea3d5852cb43a539d67c923ccc1) Importer(815301076,1909f56bfc062723c751e8b465ee728b)  -> (artifact id: 'd25312a220d1e3853fbfc66fc13c01f0') in 0.167165 seconds
  Import took 0.171361 seconds .

========================================================================
Received Import Request.
  Time since last request: 0.000443 seconds.
  path: Assets/Images/Icons/Patrick-Icon.jpg
  artifactKey: Guid(528ca54500cd3ad40802bce87f51e04c) Importer(815301076,1909f56bfc062723c751e8b465ee728b)
Start importing Assets/Images/Icons/Patrick-Icon.jpg using Guid(528ca54500cd3ad40802bce87f51e04c) Importer(815301076,1909f56bfc062723c751e8b465ee728b)  -> (artifact id: '635420732d4836dfc003d3cb98d3b897') in 0.173868 seconds
  Import took 0.208914 seconds .

========================================================================
Received Import Request.
  Time since last request: 0.000470 seconds.
  path: Assets/Images/Icons/Gage-Icon.png
  artifactKey: Guid(682624581a2179c479898f44d55c6839) Importer(815301076,1909f56bfc062723c751e8b465ee728b)
Start importing Assets/Images/Icons/Gage-Icon.png using Guid(682624581a2179c479898f44d55c6839) Importer(815301076,1909f56bfc062723c751e8b465ee728b)  -> (artifact id: 'e506486ee0726d8de5e521333b9e5584') in 0.184670 seconds
  Import took 0.187385 seconds .

========================================================================
Received Import Request.
  Time since last request: 0.000518 seconds.
  path: Assets/Images/Icons/Mike-Icon.png
  artifactKey: Guid(366914b9e99f9cd45b5a554d4c19b1fe) Importer(815301076,1909f56bfc062723c751e8b465ee728b)
Start importing Assets/Images/Icons/Mike-Icon.png using Guid(366914b9e99f9cd45b5a554d4c19b1fe) Importer(815301076,1909f56bfc062723c751e8b465ee728b)  -> (artifact id: 'd0e60fbc349d0583bfe607b5d3a60607') in 0.110771 seconds
  Import took 0.113926 seconds .

========================================================================
Received Import Request.
  Time since last request: 26.002796 seconds.
  path: Assets/Images/Icons/Patrick-Icon 1.jpg
  artifactKey: Guid(0429b1745bdfb2a41b4b719d4290f4bb) Importer(815301076,1909f56bfc062723c751e8b465ee728b)
Start importing Assets/Images/Icons/Patrick-Icon 1.jpg using Guid(0429b1745bdfb2a41b4b719d4290f4bb) Importer(815301076,1909f56bfc062723c751e8b465ee728b)  -> (artifact id: '14537ac720c551efa9e1feb7b8ba168f') in 0.088191 seconds
  Import took 0.094037 seconds .

========================================================================
Received Import Request.
  Time since last request: 33.726725 seconds.
  path: Assets/Scenes/Menus Scene
  artifactKey: Guid(fa80bb69a0ec5f54bb04a9948e3ab3cb) Importer(815301076,1909f56bfc062723c751e8b465ee728b)
Start importing Assets/Scenes/Menus Scene using Guid(fa80bb69a0ec5f54bb04a9948e3ab3cb) Importer(815301076,1909f56bfc062723c751e8b465ee728b)  -> (artifact id: '253b8f0c30e846dfdc2439bf4cb094b3') in 0.114315 seconds
  Import took 0.117617 seconds .

========================================================================
Received Import Request.
  Time since last request: 4.145684 seconds.
  path: Assets/Scenes/Menus Scene/CreditsScene
  artifactKey: Guid(1b20acd490148c14d98760cf1385aba3) Importer(815301076,1909f56bfc062723c751e8b465ee728b)
Start importing Assets/Scenes/Menus Scene/CreditsScene using Guid(1b20acd490148c14d98760cf1385aba3) Importer(815301076,1909f56bfc062723c751e8b465ee728b)  -> (artifact id: 'e34d6ad7da6fef099eb2fbb28826b280') in 0.031352 seconds
  Import took 0.049016 seconds .

========================================================================
Received Import Request.
  Time since last request: 0.034999 seconds.
  path: Assets/Scenes/Menus Scene/CreditsScene/Credits.unity
  artifactKey: Guid(b1e7dfa21eb88a24b9fc216a039a126f) Importer(815301076,1909f56bfc062723c751e8b465ee728b)
Start importing Assets/Scenes/Menus Scene/CreditsScene/Credits.unity using Guid(b1e7dfa21eb88a24b9fc216a039a126f) Importer(815301076,1909f56bfc062723c751e8b465ee728b)  -> (artifact id: '7230fb2f4f584e2df76ad6b496dd92bc') in 0.029916 seconds
  Import took 0.033104 seconds .

========================================================================
Received Import Request.
  Time since last request: 49.632061 seconds.
  path: Assets/Textures/Props/Construction_Light/ConstructionLight_Albedo.tif
  artifactKey: Guid(2ec6e1532acb1254f9f3797b5d82db44) Importer(815301076,1909f56bfc062723c751e8b465ee728b)
Start importing Assets/Textures/Props/Construction_Light/ConstructionLight_Albedo.tif using Guid(2ec6e1532acb1254f9f3797b5d82db44) Importer(815301076,1909f56bfc062723c751e8b465ee728b)  -> (artifact id: '1777c352c8be1ca996067c5aeb5e9a62') in 0.265625 seconds
  Import took 0.269452 seconds .

========================================================================
Received Import Request.
  Time since last request: 0.000477 seconds.
  path: Assets/Textures/Props/Construction_Light/ConstructionLight_MetallicOcculusionSmoothness.tif
  artifactKey: Guid(9a81f1a59f171804e84fce76584bdcb7) Importer(815301076,1909f56bfc062723c751e8b465ee728b)
Start importing Assets/Textures/Props/Construction_Light/ConstructionLight_MetallicOcculusionSmoothness.tif using Guid(9a81f1a59f171804e84fce76584bdcb7) Importer(815301076,1909f56bfc062723c751e8b465ee728b)  -> (artifact id: 'cfca83813db82ad7bc84892a8b11310a') in 0.085337 seconds
  Import took 0.088042 seconds .

========================================================================
Received Import Request.
  Time since last request: 0.000499 seconds.
  path: Assets/Textures/Plastic/Elastic_MetallicOcculusionSmoothness.tif
  artifactKey: Guid(f5df2fb0c070b57429f8ca23b216093b) Importer(815301076,1909f56bfc062723c751e8b465ee728b)
Start importing Assets/Textures/Plastic/Elastic_MetallicOcculusionSmoothness.tif using Guid(f5df2fb0c070b57429f8ca23b216093b) Importer(815301076,1909f56bfc062723c751e8b465ee728b)  -> (artifact id: 'af65d536832f0ebdf90c666d7cd33e13') in 0.369785 seconds
  Import took 0.372806 seconds .

========================================================================
Received Import Request.
  Time since last request: 0.000531 seconds.
  path: Assets/Textures/Drywall/Drywall_AlbedoSmoothness.tif
  artifactKey: Guid(3e11968c372730442aae3b4f7c909931) Importer(815301076,1909f56bfc062723c751e8b465ee728b)
Start importing Assets/Textures/Drywall/Drywall_AlbedoSmoothness.tif using Guid(3e11968c372730442aae3b4f7c909931) Importer(815301076,1909f56bfc062723c751e8b465ee728b)  -> (artifact id: 'be5f8b30e07a0d3bcddde06fa120588f') in 0.180946 seconds
  Import took 0.183613 seconds .

========================================================================
Received Import Request.
  Time since last request: 0.000392 seconds.
  path: Assets/Textures/Drywall/Drywall_Normal.tif
  artifactKey: Guid(e231e4c02c48ee14aafa55f7b1a843c1) Importer(815301076,1909f56bfc062723c751e8b465ee728b)
Start importing Assets/Textures/Drywall/Drywall_Normal.tif using Guid(e231e4c02c48ee14aafa55f7b1a843c1) Importer(815301076,1909f56bfc062723c751e8b465ee728b)  -> (artifact id: 'ba5dad59c0b340994ae9e46e2165d4a2') in 1.387474 seconds
  Import took 1.390646 seconds .

========================================================================
Received Import Request.
  Time since last request: 0.000487 seconds.
  path: Assets/Textures/Props/Paint/PaintAnimMask.tif
  artifactKey: Guid(5e98de278b2ccc14f89b76b85596a3f3) Importer(815301076,1909f56bfc062723c751e8b465ee728b)
Start importing Assets/Textures/Props/Paint/PaintAnimMask.tif using Guid(5e98de278b2ccc14f89b76b85596a3f3) Importer(815301076,1909f56bfc062723c751e8b465ee728b)  -> (artifact id: '12807cebc7427e916f6e88aaa7502343') in 0.107161 seconds
  Import took 0.110181 seconds .

========================================================================
Received Import Request.
  Time since last request: 0.000423 seconds.
  path: Assets/Textures/Props/Paint/Paint5G_AlbedoSmoothness.tif
  artifactKey: Guid(5d25a5cd577a4c54e94fdf9cc6f1a631) Importer(815301076,1909f56bfc062723c751e8b465ee728b)
Start importing Assets/Textures/Props/Paint/Paint5G_AlbedoSmoothness.tif using Guid(5d25a5cd577a4c54e94fdf9cc6f1a631) Importer(815301076,1909f56bfc062723c751e8b465ee728b)  -> (artifact id: 'ebe1bfbbae0082d8e64220bd4415a3f2') in 0.094229 seconds
  Import took 0.096965 seconds .

========================================================================
Received Import Request.
  Time since last request: 0.000517 seconds.
  path: Assets/Textures/Props/Paint/Paint1G_Normal.tif
  artifactKey: Guid(ac80c335ebd6dde4fa54a82050064545) Importer(815301076,1909f56bfc062723c751e8b465ee728b)
Start importing Assets/Textures/Props/Paint/Paint1G_Normal.tif using Guid(ac80c335ebd6dde4fa54a82050064545) Importer(815301076,1909f56bfc062723c751e8b465ee728b)  -> (artifact id: 'b9b8a7231fcb1bb41c6570c7a06a6d19') in 0.105915 seconds
  Import took 0.108718 seconds .

========================================================================
Received Import Request.
  Time since last request: 0.000438 seconds.
  path: Assets/Textures/Props/Paint/Paint1G_Albedo.tif
  artifactKey: Guid(2de0d72a6700bd94ea57111b29e246fc) Importer(815301076,1909f56bfc062723c751e8b465ee728b)
Start importing Assets/Textures/Props/Paint/Paint1G_Albedo.tif using Guid(2de0d72a6700bd94ea57111b29e246fc) Importer(815301076,1909f56bfc062723c751e8b465ee728b)  -> (artifact id: 'd838349e17f63b1017156638ff7ffd19') in 0.129710 seconds
  Import took 0.159795 seconds .

========================================================================
Received Import Request.
  Time since last request: 0.000533 seconds.
  path: Assets/Textures/Props/Paint/Paintbrush_MetallicOcculusionSmoothness.tif
  artifactKey: Guid(888916a5e87c05948b1a97b3c0d42556) Importer(815301076,1909f56bfc062723c751e8b465ee728b)
Start importing Assets/Textures/Props/Paint/Paintbrush_MetallicOcculusionSmoothness.tif using Guid(888916a5e87c05948b1a97b3c0d42556) Importer(815301076,1909f56bfc062723c751e8b465ee728b)  -> (artifact id: 'e5209efa215015a2bd8c3b652a576fca') in 0.111092 seconds
  Import took 0.114480 seconds .

========================================================================
Received Import Request.
  Time since last request: 0.000437 seconds.
  path: Assets/Textures/Props/Paint/Paintbrush_Normal.tif
  artifactKey: Guid(09e745bf0b8ff6a4bb5785d14168289a) Importer(815301076,1909f56bfc062723c751e8b465ee728b)
Start importing Assets/Textures/Props/Paint/Paintbrush_Normal.tif using Guid(09e745bf0b8ff6a4bb5785d14168289a) Importer(815301076,1909f56bfc062723c751e8b465ee728b)  -> (artifact id: '3cab189b8127daa231c98735b225c8fa') in 0.107475 seconds
  Import took 0.110255 seconds .

========================================================================
Received Import Request.
  Time since last request: 0.000509 seconds.
  path: Assets/Textures/Props/Paint/Paintbrush_Albedo.tif
  artifactKey: Guid(4675081b0baf66345adc734388155502) Importer(815301076,1909f56bfc062723c751e8b465ee728b)
Start importing Assets/Textures/Props/Paint/Paintbrush_Albedo.tif using Guid(4675081b0baf66345adc734388155502) Importer(815301076,1909f56bfc062723c751e8b465ee728b)  -> (artifact id: '96b6488d1bd8efed38b80dfe212417d9') in 0.081563 seconds
  Import took 0.084894 seconds .

========================================================================
Received Import Request.
  Time since last request: 0.000600 seconds.
  path: Assets/Textures/Drywall/Drywall_Albedo.tif
  artifactKey: Guid(eae496078d11426448124eaf8b285e6b) Importer(815301076,1909f56bfc062723c751e8b465ee728b)
Start importing Assets/Textures/Drywall/Drywall_Albedo.tif using Guid(eae496078d11426448124eaf8b285e6b) Importer(815301076,1909f56bfc062723c751e8b465ee728b)  -> (artifact id: 'da9679d40b5418a5e6387b63b4fb2664') in 0.090154 seconds
  Import took 0.111258 seconds .

========================================================================
Received Import Request.
  Time since last request: 0.000468 seconds.
  path: Assets/Textures/Props/Paint/Paint1G_MetallicOcculusionRoughness.tif
  artifactKey: Guid(ca084ebab0cef7c4ba746cdb442f9c1e) Importer(815301076,1909f56bfc062723c751e8b465ee728b)
Start importing Assets/Textures/Props/Paint/Paint1G_MetallicOcculusionRoughness.tif using Guid(ca084ebab0cef7c4ba746cdb442f9c1e) Importer(815301076,1909f56bfc062723c751e8b465ee728b)  -> (artifact id: 'cc4000be1824e8e88cd84721de3dfaa1') in 0.128771 seconds
  Import took 0.131755 seconds .

========================================================================
Received Import Request.
  Time since last request: 0.000451 seconds.
  path: Assets/Textures/Drywall/DrywallPainted_Normal.tif
  artifactKey: Guid(2cd242c9999e92b4ca96dab876cfaf13) Importer(815301076,1909f56bfc062723c751e8b465ee728b)
Start importing Assets/Textures/Drywall/DrywallPainted_Normal.tif using Guid(2cd242c9999e92b4ca96dab876cfaf13) Importer(815301076,1909f56bfc062723c751e8b465ee728b)  -> (artifact id: '8170eee7d3bf22cd199c0ffc0304f649') in 0.053202 seconds
  Import took 0.056043 seconds .

========================================================================
Received Import Request.
  Time since last request: 2.209632 seconds.
  path: Assets/Textures/Props/Paint/PaintLabel.tif
  artifactKey: Guid(e5c37ab0c7b37af4f981195d3caaf4b4) Importer(815301076,1909f56bfc062723c751e8b465ee728b)
Start importing Assets/Textures/Props/Paint/PaintLabel.tif using Guid(e5c37ab0c7b37af4f981195d3caaf4b4) Importer(815301076,1909f56bfc062723c751e8b465ee728b)  -> (artifact id: 'a470e3d1e7f446b8fe3ad4a0eec63d5a') in 0.153950 seconds
  Import took 0.157531 seconds .

AssetImportWorkerClient::OnTransportError - code=2 error=End of file
